This is pdfTeX, Version 3.141592653-2.6-1.40.25 (MiKTeX 24.1) (preloaded format=pdflatex 2024.2.7)  30 MAY 2024 12:57
entering extended mode
 restricted \write18 enabled.
 %&-line parsing enabled.
**./main.tex
(main.tex
LaTeX2e <2023-11-01> patch level 1
L3 programming layer <2024-01-22>
(C:\Users\ybuzo\AppData\Local\Programs\MiKTeX\tex/latex/beamer\beamer.cls
Document Class: beamer 2024/01/06 v3.71 A class for typesetting presentations

(C:\Users\ybuzo\AppData\Local\Programs\MiKTeX\tex/latex/beamer\beamerbasemodes.
sty
(C:\Users\ybuzo\AppData\Local\Programs\MiKTeX\tex/latex/etoolbox\etoolbox.sty
Package: etoolbox 2020/10/05 v2.5k e-TeX tools for LaTeX (JAW)
\etb@tempcnta=\count187
)
\beamer@tempbox=\box51
\beamer@tempcount=\count188
\c@beamerpauses=\count189

(C:\Users\ybuzo\AppData\Local\Programs\MiKTeX\tex/latex/beamer\beamerbasedecode
.sty
\beamer@slideinframe=\count190
\beamer@minimum=\count191
\beamer@decode@box=\box52
)
\beamer@commentbox=\box53
\beamer@modecount=\count192
)
(C:\Users\ybuzo\AppData\Local\Programs\MiKTeX\tex/generic/iftex\iftex.sty
Package: iftex 2022/02/03 v1.0f TeX engine tests
)
\headdp=\dimen140
\footheight=\dimen141
\sidebarheight=\dimen142
\beamer@tempdim=\dimen143
\beamer@finalheight=\dimen144
\beamer@animht=\dimen145
\beamer@animdp=\dimen146
\beamer@animwd=\dimen147
\beamer@leftmargin=\dimen148
\beamer@rightmargin=\dimen149
\beamer@leftsidebar=\dimen150
\beamer@rightsidebar=\dimen151
\beamer@boxsize=\dimen152
\beamer@vboxoffset=\dimen153
\beamer@descdefault=\dimen154
\beamer@descriptionwidth=\dimen155
\beamer@lastskip=\skip48
\beamer@areabox=\box54
\beamer@animcurrent=\box55
\beamer@animshowbox=\box56
\beamer@sectionbox=\box57
\beamer@logobox=\box58
\beamer@linebox=\box59
\beamer@sectioncount=\count193
\beamer@subsubsectionmax=\count194
\beamer@subsectionmax=\count195
\beamer@sectionmax=\count196
\beamer@totalheads=\count197
\beamer@headcounter=\count198
\beamer@partstartpage=\count199
\beamer@sectionstartpage=\count266
\beamer@subsectionstartpage=\count267
\beamer@animationtempa=\count268
\beamer@animationtempb=\count269
\beamer@xpos=\count270
\beamer@ypos=\count271
\beamer@ypos@offset=\count272
\beamer@showpartnumber=\count273
\beamer@currentsubsection=\count274
\beamer@coveringdepth=\count275
\beamer@sectionadjust=\count276
\beamer@toclastsection=\count277
\beamer@tocsectionnumber=\count278

(C:\Users\ybuzo\AppData\Local\Programs\MiKTeX\tex/latex/beamer\beamerbaseoption
s.sty
(C:\Users\ybuzo\AppData\Local\Programs\MiKTeX\tex/latex/graphics\keyval.sty
Package: keyval 2022/05/29 v1.15 key=value parser (DPC)
\KV@toks@=\toks17
))
\beamer@paperwidth=\skip49
\beamer@paperheight=\skip50

(C:\Users\ybuzo\AppData\Local\Programs\MiKTeX\tex/latex/geometry\geometry.sty
Package: geometry 2020/01/02 v5.9 Page Geometry

(C:\Users\ybuzo\AppData\Local\Programs\MiKTeX\tex/generic/iftex\ifvtex.sty
Package: ifvtex 2019/10/25 v1.7 ifvtex legacy package. Use iftex instead.
)
\Gm@cnth=\count279
\Gm@cntv=\count280
\c@Gm@tempcnt=\count281
\Gm@bindingoffset=\dimen156
\Gm@wd@mp=\dimen157
\Gm@odd@mp=\dimen158
\Gm@even@mp=\dimen159
\Gm@layoutwidth=\dimen160
\Gm@layoutheight=\dimen161
\Gm@layouthoffset=\dimen162
\Gm@layoutvoffset=\dimen163
\Gm@dimlist=\toks18

(C:\Users\ybuzo\AppData\Local\Programs\MiKTeX\tex/latex/geometry\geometry.cfg))
(C:\Users\ybuzo\AppData\Local\Programs\MiKTeX\tex/latex/pgf/math\pgfmath.sty
(C:\Users\ybuzo\AppData\Local\Programs\MiKTeX\tex/latex/pgf/utilities\pgfrcs.st
y
(C:\Users\ybuzo\AppData\Local\Programs\MiKTeX\tex/generic/pgf/utilities\pgfutil
-common.tex
\pgfutil@everybye=\toks19
\pgfutil@tempdima=\dimen164
\pgfutil@tempdimb=\dimen165
)
(C:\Users\ybuzo\AppData\Local\Programs\MiKTeX\tex/generic/pgf/utilities\pgfutil
-latex.def
\pgfutil@abb=\box60
)
(C:\Users\ybuzo\AppData\Local\Programs\MiKTeX\tex/generic/pgf/utilities\pgfrcs.
code.tex
(C:\Users\ybuzo\AppData\Local\Programs\MiKTeX\tex/generic/pgf\pgf.revision.tex)
Package: pgfrcs 2023-01-15 v3.1.10 (3.1.10)
))
(C:\Users\ybuzo\AppData\Local\Programs\MiKTeX\tex/latex/pgf/utilities\pgfkeys.s
ty
(C:\Users\ybuzo\AppData\Local\Programs\MiKTeX\tex/generic/pgf/utilities\pgfkeys
.code.tex
\pgfkeys@pathtoks=\toks20
\pgfkeys@temptoks=\toks21

(C:\Users\ybuzo\AppData\Local\Programs\MiKTeX\tex/generic/pgf/utilities\pgfkeys
libraryfiltered.code.tex
\pgfkeys@tmptoks=\toks22
)))
(C:\Users\ybuzo\AppData\Local\Programs\MiKTeX\tex/generic/pgf/math\pgfmath.code
.tex
(C:\Users\ybuzo\AppData\Local\Programs\MiKTeX\tex/generic/pgf/math\pgfmathutil.
code.tex
\pgf@x=\dimen166
\pgf@xa=\dimen167
\pgf@xb=\dimen168
\pgf@xc=\dimen169
\pgf@y=\dimen170
\pgf@ya=\dimen171
\pgf@yb=\dimen172
\pgf@yc=\dimen173
\c@pgf@counta=\count282
\c@pgf@countb=\count283
\c@pgf@countc=\count284
\c@pgf@countd=\count285
)
(C:\Users\ybuzo\AppData\Local\Programs\MiKTeX\tex/generic/pgf/math\pgfmathparse
r.code.tex
\pgfmath@dimen=\dimen174
\pgfmath@count=\count286
\pgfmath@box=\box61
\pgfmath@toks=\toks23
\pgfmath@stack@operand=\toks24
\pgfmath@stack@operation=\toks25
)
(C:\Users\ybuzo\AppData\Local\Programs\MiKTeX\tex/generic/pgf/math\pgfmathfunct
ions.code.tex)
(C:\Users\ybuzo\AppData\Local\Programs\MiKTeX\tex/generic/pgf/math\pgfmathfunct
ions.basic.code.tex)
(C:\Users\ybuzo\AppData\Local\Programs\MiKTeX\tex/generic/pgf/math\pgfmathfunct
ions.trigonometric.code.tex)
(C:\Users\ybuzo\AppData\Local\Programs\MiKTeX\tex/generic/pgf/math\pgfmathfunct
ions.random.code.tex)
(C:\Users\ybuzo\AppData\Local\Programs\MiKTeX\tex/generic/pgf/math\pgfmathfunct
ions.comparison.code.tex)
(C:\Users\ybuzo\AppData\Local\Programs\MiKTeX\tex/generic/pgf/math\pgfmathfunct
ions.base.code.tex)
(C:\Users\ybuzo\AppData\Local\Programs\MiKTeX\tex/generic/pgf/math\pgfmathfunct
ions.round.code.tex)
(C:\Users\ybuzo\AppData\Local\Programs\MiKTeX\tex/generic/pgf/math\pgfmathfunct
ions.misc.code.tex)
(C:\Users\ybuzo\AppData\Local\Programs\MiKTeX\tex/generic/pgf/math\pgfmathfunct
ions.integerarithmetics.code.tex)
(C:\Users\ybuzo\AppData\Local\Programs\MiKTeX\tex/generic/pgf/math\pgfmathcalc.
code.tex)
(C:\Users\ybuzo\AppData\Local\Programs\MiKTeX\tex/generic/pgf/math\pgfmathfloat
.code.tex
\c@pgfmathroundto@lastzeros=\count287
)))
(C:\Users\ybuzo\AppData\Local\Programs\MiKTeX\tex/latex/base\size11.clo
File: size11.clo 2023/05/17 v1.4n Standard LaTeX file (size option)
)
(C:\Users\ybuzo\AppData\Local\Programs\MiKTeX\tex/latex/pgf/basiclayer\pgfcore.
sty
(C:\Users\ybuzo\AppData\Local\Programs\MiKTeX\tex/latex/graphics\graphicx.sty
Package: graphicx 2021/09/16 v1.2d Enhanced LaTeX Graphics (DPC,SPQR)

(C:\Users\ybuzo\AppData\Local\Programs\MiKTeX\tex/latex/graphics\graphics.sty
Package: graphics 2022/03/10 v1.4e Standard LaTeX Graphics (DPC,SPQR)

(C:\Users\ybuzo\AppData\Local\Programs\MiKTeX\tex/latex/graphics\trig.sty
Package: trig 2021/08/11 v1.11 sin cos tan (DPC)
)
(C:\Users\ybuzo\AppData\Local\Programs\MiKTeX\tex/latex/graphics-cfg\graphics.c
fg
File: graphics.cfg 2016/06/04 v1.11 sample graphics configuration
)
Package graphics Info: Driver file: pdftex.def on input line 107.

(C:\Users\ybuzo\AppData\Local\Programs\MiKTeX\tex/latex/graphics-def\pdftex.def
File: pdftex.def 2022/09/22 v1.2b Graphics/color driver for pdftex
))
\Gin@req@height=\dimen175
\Gin@req@width=\dimen176
)
(C:\Users\ybuzo\AppData\Local\Programs\MiKTeX\tex/latex/pgf/systemlayer\pgfsys.
sty
(C:\Users\ybuzo\AppData\Local\Programs\MiKTeX\tex/generic/pgf/systemlayer\pgfsy
s.code.tex
Package: pgfsys 2023-01-15 v3.1.10 (3.1.10)
\pgf@x=\dimen177
\pgf@y=\dimen178
\pgf@xa=\dimen179
\pgf@ya=\dimen180
\pgf@xb=\dimen181
\pgf@yb=\dimen182
\pgf@xc=\dimen183
\pgf@yc=\dimen184
\pgf@xd=\dimen185
\pgf@yd=\dimen186
\w@pgf@writea=\write3
\r@pgf@reada=\read2
\c@pgf@counta=\count288
\c@pgf@countb=\count289
\c@pgf@countc=\count290
\c@pgf@countd=\count291
\t@pgf@toka=\toks26
\t@pgf@tokb=\toks27
\t@pgf@tokc=\toks28
\pgf@sys@id@count=\count292

(C:\Users\ybuzo\AppData\Local\Programs\MiKTeX\tex/generic/pgf/systemlayer\pgf.c
fg
File: pgf.cfg 2023-01-15 v3.1.10 (3.1.10)
)
Driver file for pgf: pgfsys-pdftex.def

(C:\Users\ybuzo\AppData\Local\Programs\MiKTeX\tex/generic/pgf/systemlayer\pgfsy
s-pdftex.def
File: pgfsys-pdftex.def 2023-01-15 v3.1.10 (3.1.10)

(C:\Users\ybuzo\AppData\Local\Programs\MiKTeX\tex/generic/pgf/systemlayer\pgfsy
s-common-pdf.def
File: pgfsys-common-pdf.def 2023-01-15 v3.1.10 (3.1.10)
)))
(C:\Users\ybuzo\AppData\Local\Programs\MiKTeX\tex/generic/pgf/systemlayer\pgfsy
ssoftpath.code.tex
File: pgfsyssoftpath.code.tex 2023-01-15 v3.1.10 (3.1.10)
\pgfsyssoftpath@smallbuffer@items=\count293
\pgfsyssoftpath@bigbuffer@items=\count294
)
(C:\Users\ybuzo\AppData\Local\Programs\MiKTeX\tex/generic/pgf/systemlayer\pgfsy
sprotocol.code.tex
File: pgfsysprotocol.code.tex 2023-01-15 v3.1.10 (3.1.10)
))
(C:\Users\ybuzo\AppData\Local\Programs\MiKTeX\tex/latex/xcolor\xcolor.sty
Package: xcolor 2023/11/15 v3.01 LaTeX color extensions (UK)

(C:\Users\ybuzo\AppData\Local\Programs\MiKTeX\tex/latex/graphics-cfg\color.cfg
File: color.cfg 2016/01/02 v1.6 sample color configuration
)
Package xcolor Info: Driver file: pdftex.def on input line 274.
(C:\Users\ybuzo\AppData\Local\Programs\MiKTeX\tex/latex/graphics\mathcolor.ltx)
Package xcolor Info: Model `cmy' substituted by `cmy0' on input line 1350.
Package xcolor Info: Model `hsb' substituted by `rgb' on input line 1354.
Package xcolor Info: Model `RGB' extended on input line 1366.
Package xcolor Info: Model `HTML' substituted by `rgb' on input line 1368.
Package xcolor Info: Model `Hsb' substituted by `hsb' on input line 1369.
Package xcolor Info: Model `tHsb' substituted by `hsb' on input line 1370.
Package xcolor Info: Model `HSB' substituted by `hsb' on input line 1371.
Package xcolor Info: Model `Gray' substituted by `gray' on input line 1372.
Package xcolor Info: Model `wave' substituted by `hsb' on input line 1373.
)
(C:\Users\ybuzo\AppData\Local\Programs\MiKTeX\tex/generic/pgf/basiclayer\pgfcor
e.code.tex
Package: pgfcore 2023-01-15 v3.1.10 (3.1.10)

(C:\Users\ybuzo\AppData\Local\Programs\MiKTeX\tex/generic/pgf/math\pgfint.code.
tex)
(C:\Users\ybuzo\AppData\Local\Programs\MiKTeX\tex/generic/pgf/basiclayer\pgfcor
epoints.code.tex
File: pgfcorepoints.code.tex 2023-01-15 v3.1.10 (3.1.10)
\pgf@picminx=\dimen187
\pgf@picmaxx=\dimen188
\pgf@picminy=\dimen189
\pgf@picmaxy=\dimen190
\pgf@pathminx=\dimen191
\pgf@pathmaxx=\dimen192
\pgf@pathminy=\dimen193
\pgf@pathmaxy=\dimen194
\pgf@xx=\dimen195
\pgf@xy=\dimen196
\pgf@yx=\dimen197
\pgf@yy=\dimen198
\pgf@zx=\dimen199
\pgf@zy=\dimen256
)
(C:\Users\ybuzo\AppData\Local\Programs\MiKTeX\tex/generic/pgf/basiclayer\pgfcor
epathconstruct.code.tex
File: pgfcorepathconstruct.code.tex 2023-01-15 v3.1.10 (3.1.10)
\pgf@path@lastx=\dimen257
\pgf@path@lasty=\dimen258
)
(C:\Users\ybuzo\AppData\Local\Programs\MiKTeX\tex/generic/pgf/basiclayer\pgfcor
epathusage.code.tex
File: pgfcorepathusage.code.tex 2023-01-15 v3.1.10 (3.1.10)
\pgf@shorten@end@additional=\dimen259
\pgf@shorten@start@additional=\dimen260
)
(C:\Users\ybuzo\AppData\Local\Programs\MiKTeX\tex/generic/pgf/basiclayer\pgfcor
escopes.code.tex
File: pgfcorescopes.code.tex 2023-01-15 v3.1.10 (3.1.10)
\pgfpic=\box62
\pgf@hbox=\box63
\pgf@layerbox@main=\box64
\pgf@picture@serial@count=\count295
)
(C:\Users\ybuzo\AppData\Local\Programs\MiKTeX\tex/generic/pgf/basiclayer\pgfcor
egraphicstate.code.tex
File: pgfcoregraphicstate.code.tex 2023-01-15 v3.1.10 (3.1.10)
\pgflinewidth=\dimen261
)
(C:\Users\ybuzo\AppData\Local\Programs\MiKTeX\tex/generic/pgf/basiclayer\pgfcor
etransformations.code.tex
File: pgfcoretransformations.code.tex 2023-01-15 v3.1.10 (3.1.10)
\pgf@pt@x=\dimen262
\pgf@pt@y=\dimen263
\pgf@pt@temp=\dimen264
)
(C:\Users\ybuzo\AppData\Local\Programs\MiKTeX\tex/generic/pgf/basiclayer\pgfcor
equick.code.tex
File: pgfcorequick.code.tex 2023-01-15 v3.1.10 (3.1.10)
)
(C:\Users\ybuzo\AppData\Local\Programs\MiKTeX\tex/generic/pgf/basiclayer\pgfcor
eobjects.code.tex
File: pgfcoreobjects.code.tex 2023-01-15 v3.1.10 (3.1.10)
)
(C:\Users\ybuzo\AppData\Local\Programs\MiKTeX\tex/generic/pgf/basiclayer\pgfcor
epathprocessing.code.tex
File: pgfcorepathprocessing.code.tex 2023-01-15 v3.1.10 (3.1.10)
)
(C:\Users\ybuzo\AppData\Local\Programs\MiKTeX\tex/generic/pgf/basiclayer\pgfcor
earrows.code.tex
File: pgfcorearrows.code.tex 2023-01-15 v3.1.10 (3.1.10)
\pgfarrowsep=\dimen265
)
(C:\Users\ybuzo\AppData\Local\Programs\MiKTeX\tex/generic/pgf/basiclayer\pgfcor
eshade.code.tex
File: pgfcoreshade.code.tex 2023-01-15 v3.1.10 (3.1.10)
\pgf@max=\dimen266
\pgf@sys@shading@range@num=\count296
\pgf@shadingcount=\count297
)
(C:\Users\ybuzo\AppData\Local\Programs\MiKTeX\tex/generic/pgf/basiclayer\pgfcor
eimage.code.tex
File: pgfcoreimage.code.tex 2023-01-15 v3.1.10 (3.1.10)
)
(C:\Users\ybuzo\AppData\Local\Programs\MiKTeX\tex/generic/pgf/basiclayer\pgfcor
eexternal.code.tex
File: pgfcoreexternal.code.tex 2023-01-15 v3.1.10 (3.1.10)
\pgfexternal@startupbox=\box65
)
(C:\Users\ybuzo\AppData\Local\Programs\MiKTeX\tex/generic/pgf/basiclayer\pgfcor
elayers.code.tex
File: pgfcorelayers.code.tex 2023-01-15 v3.1.10 (3.1.10)
)
(C:\Users\ybuzo\AppData\Local\Programs\MiKTeX\tex/generic/pgf/basiclayer\pgfcor
etransparency.code.tex
File: pgfcoretransparency.code.tex 2023-01-15 v3.1.10 (3.1.10)
)
(C:\Users\ybuzo\AppData\Local\Programs\MiKTeX\tex/generic/pgf/basiclayer\pgfcor
epatterns.code.tex
File: pgfcorepatterns.code.tex 2023-01-15 v3.1.10 (3.1.10)
)
(C:\Users\ybuzo\AppData\Local\Programs\MiKTeX\tex/generic/pgf/basiclayer\pgfcor
erdf.code.tex
File: pgfcorerdf.code.tex 2023-01-15 v3.1.10 (3.1.10)
)))
(C:\Users\ybuzo\AppData\Local\Programs\MiKTeX\tex/latex/pgf/utilities\xxcolor.s
ty
Package: xxcolor 2003/10/24 ver 0.1
\XC@nummixins=\count298
\XC@countmixins=\count299
)
(C:\Users\ybuzo\AppData\Local\Programs\MiKTeX\tex/latex/base\atbegshi-ltx.sty
Package: atbegshi-ltx 2021/01/10 v1.0c Emulation of the original atbegshi
package with kernel methods
)
(C:\Users\ybuzo\AppData\Local\Programs\MiKTeX\tex/latex/hyperref\hyperref.sty
Package: hyperref 2024-01-20 v7.01h Hypertext links for LaTeX

(C:\Users\ybuzo\AppData\Local\Programs\MiKTeX\tex/latex/kvsetkeys\kvsetkeys.sty
Package: kvsetkeys 2022-10-05 v1.19 Key value parser (HO)
)
(C:\Users\ybuzo\AppData\Local\Programs\MiKTeX\tex/generic/kvdefinekeys\kvdefine
keys.sty
Package: kvdefinekeys 2019-12-19 v1.6 Define keys (HO)
)
(C:\Users\ybuzo\AppData\Local\Programs\MiKTeX\tex/generic/pdfescape\pdfescape.s
ty
Package: pdfescape 2019/12/09 v1.15 Implements pdfTeX's escape features (HO)

(C:\Users\ybuzo\AppData\Local\Programs\MiKTeX\tex/generic/ltxcmds\ltxcmds.sty
Package: ltxcmds 2023-12-04 v1.26 LaTeX kernel commands for general use (HO)
)
(C:\Users\ybuzo\AppData\Local\Programs\MiKTeX\tex/generic/pdftexcmds\pdftexcmds
.sty
Package: pdftexcmds 2020-06-27 v0.33 Utility functions of pdfTeX for LuaTeX (HO
)

(C:\Users\ybuzo\AppData\Local\Programs\MiKTeX\tex/generic/infwarerr\infwarerr.s
ty
Package: infwarerr 2019/12/03 v1.5 Providing info/warning/error messages (HO)
)
Package pdftexcmds Info: \pdf@primitive is available.
Package pdftexcmds Info: \pdf@ifprimitive is available.
Package pdftexcmds Info: \pdfdraftmode found.
))
(C:\Users\ybuzo\AppData\Local\Programs\MiKTeX\tex/latex/hycolor\hycolor.sty
Package: hycolor 2020-01-27 v1.10 Color options for hyperref/bookmark (HO)
)
(C:\Users\ybuzo\AppData\Local\Programs\MiKTeX\tex/latex/auxhook\auxhook.sty
Package: auxhook 2019-12-17 v1.6 Hooks for auxiliary files (HO)
)
(C:\Users\ybuzo\AppData\Local\Programs\MiKTeX\tex/latex/hyperref\nameref.sty
Package: nameref 2023-11-26 v2.56 Cross-referencing by name of section

(C:\Users\ybuzo\AppData\Local\Programs\MiKTeX\tex/latex/refcount\refcount.sty
Package: refcount 2019/12/15 v3.6 Data extraction from label references (HO)
)
(C:\Users\ybuzo\AppData\Local\Programs\MiKTeX\tex/generic/gettitlestring\gettit
lestring.sty
Package: gettitlestring 2019/12/15 v1.6 Cleanup title references (HO)

(C:\Users\ybuzo\AppData\Local\Programs\MiKTeX\tex/latex/kvoptions\kvoptions.sty
Package: kvoptions 2022-06-15 v3.15 Key value format for package options (HO)
))
\c@section@level=\count300
)
\@linkdim=\dimen267
\Hy@linkcounter=\count301
\Hy@pagecounter=\count302
 (C:\Users\ybuzo\AppData\Local\Programs\MiKTeX\tex/latex/hyperref\pd1enc.def
File: pd1enc.def 2024-01-20 v7.01h Hyperref: PDFDocEncoding definition (HO)
Now handling font encoding PD1 ...
... no UTF-8 mapping file for font encoding PD1
) (C:\Users\ybuzo\AppData\Local\Programs\MiKTeX\tex/generic/intcalc\intcalc.sty
Package: intcalc 2019/12/15 v1.3 Expandable calculations with integers (HO)
)
\Hy@SavedSpaceFactor=\count303
 (C:\Users\ybuzo\AppData\Local\Programs\MiKTeX\tex/latex/hyperref\puenc.def
File: puenc.def 2024-01-20 v7.01h Hyperref: PDF Unicode definition (HO)
Now handling font encoding PU ...
... no UTF-8 mapping file for font encoding PU
)
Package hyperref Info: Option `bookmarks' set `true' on input line 4062.
Package hyperref Info: Option `bookmarksopen' set `true' on input line 4062.
Package hyperref Info: Option `implicit' set `false' on input line 4062.
Package hyperref Info: Hyper figures OFF on input line 4179.
Package hyperref Info: Link nesting OFF on input line 4184.
Package hyperref Info: Hyper index ON on input line 4187.
Package hyperref Info: Plain pages OFF on input line 4194.
Package hyperref Info: Backreferencing OFF on input line 4199.
Package hyperref Info: Implicit mode OFF; no redefinition of LaTeX internals.
Package hyperref Info: Bookmarks ON on input line 4446.
\c@Hy@tempcnt=\count304

(C:\Users\ybuzo\AppData\Local\Programs\MiKTeX\tex/latex/url\url.sty
\Urlmuskip=\muskip16
Package: url 2013/09/16  ver 3.4  Verb mode for urls, etc.
)
LaTeX Info: Redefining \url on input line 4784.
\XeTeXLinkMargin=\dimen268

(C:\Users\ybuzo\AppData\Local\Programs\MiKTeX\tex/generic/bitset\bitset.sty
Package: bitset 2019/12/09 v1.3 Handle bit-vector datatype (HO)

(C:\Users\ybuzo\AppData\Local\Programs\MiKTeX\tex/generic/bigintcalc\bigintcalc
.sty
Package: bigintcalc 2019/12/15 v1.5 Expandable calculations on big integers (HO
)
))
\Fld@menulength=\count305
\Field@Width=\dimen269
\Fld@charsize=\dimen270
Package hyperref Info: Hyper figures OFF on input line 6063.
Package hyperref Info: Link nesting OFF on input line 6068.
Package hyperref Info: Hyper index ON on input line 6071.
Package hyperref Info: backreferencing OFF on input line 6078.
Package hyperref Info: Link coloring OFF on input line 6083.
Package hyperref Info: Link coloring with OCG OFF on input line 6088.
Package hyperref Info: PDF/A mode OFF on input line 6093.
\Hy@abspage=\count306


Package hyperref Message: Stopped early.

)
Package hyperref Info: Driver (autodetected): hpdftex.
 (C:\Users\ybuzo\AppData\Local\Programs\MiKTeX\tex/latex/hyperref\hpdftex.def
File: hpdftex.def 2024-01-20 v7.01h Hyperref driver for pdfTeX

(C:\Users\ybuzo\AppData\Local\Programs\MiKTeX\tex/latex/base\atveryend-ltx.sty
Package: atveryend-ltx 2020/08/19 v1.0a Emulation of the original atveryend pac
kage
with kernel methods
)
\Fld@listcount=\count307
\c@bookmark@seq@number=\count308

(C:\Users\ybuzo\AppData\Local\Programs\MiKTeX\tex/latex/rerunfilecheck\rerunfil
echeck.sty
Package: rerunfilecheck 2022-07-10 v1.10 Rerun checks for auxiliary files (HO)

(C:\Users\ybuzo\AppData\Local\Programs\MiKTeX\tex/generic/uniquecounter\uniquec
ounter.sty
Package: uniquecounter 2019/12/15 v1.4 Provide unlimited unique counter (HO)
)
Package uniquecounter Info: New unique counter `rerunfilecheck' on input line 2
85.
))
(C:\Users\ybuzo\AppData\Local\Programs\MiKTeX\tex/latex/beamer\beamerbaserequir
es.sty
(C:\Users\ybuzo\AppData\Local\Programs\MiKTeX\tex/latex/beamer\beamerbasecompat
ibility.sty)
(C:\Users\ybuzo\AppData\Local\Programs\MiKTeX\tex/latex/beamer\beamerbasefont.s
ty (C:\Users\ybuzo\AppData\Local\Programs\MiKTeX\tex/latex/amsfonts\amssymb.sty
Package: amssymb 2013/01/14 v3.01 AMS font symbols
(C:\Users\ybuzo\AppData\Local\Programs\MiKTeX\tex/latex/amsfonts\amsfonts.sty
Package: amsfonts 2013/01/14 v3.01 Basic AMSFonts support
\@emptytoks=\toks29
\symAMSa=\mathgroup4
\symAMSb=\mathgroup5
LaTeX Font Info:    Redeclaring math symbol \hbar on input line 98.
LaTeX Font Info:    Overwriting math alphabet `\mathfrak' in version `bold'
(Font)                  U/euf/m/n --> U/euf/b/n on input line 106.
))
(C:\Users\ybuzo\AppData\Local\Programs\MiKTeX\tex/latex/sansmathaccent\sansmath
accent.sty
Package: sansmathaccent 2020/01/31

(C:\Users\ybuzo\AppData\Local\Programs\MiKTeX\tex/latex/koma-script\scrlfile.st
y
Package: scrlfile 2023/07/07 v3.41 KOMA-Script package (file load hooks)

(C:\Users\ybuzo\AppData\Local\Programs\MiKTeX\tex/latex/koma-script\scrlfile-ho
ok.sty
Package: scrlfile-hook 2023/07/07 v3.41 KOMA-Script package (using LaTeX hooks)


(C:\Users\ybuzo\AppData\Local\Programs\MiKTeX\tex/latex/koma-script\scrlogo.sty
Package: scrlogo 2023/07/07 v3.41 KOMA-Script package (logo)
)))))
(C:\Users\ybuzo\AppData\Local\Programs\MiKTeX\tex/latex/beamer\beamerbasetransl
ator.sty
(C:\Users\ybuzo\AppData\Local\Programs\MiKTeX\tex/latex/translator\translator.s
ty
Package: translator 2021-05-31 v1.12d Easy translation of strings in LaTeX
))
(C:\Users\ybuzo\AppData\Local\Programs\MiKTeX\tex/latex/beamer\beamerbasemisc.s
ty)
(C:\Users\ybuzo\AppData\Local\Programs\MiKTeX\tex/latex/beamer\beamerbasetwoscr
eens.sty)
(C:\Users\ybuzo\AppData\Local\Programs\MiKTeX\tex/latex/beamer\beamerbaseoverla
y.sty
\beamer@argscount=\count309
\beamer@lastskipcover=\skip51
\beamer@trivlistdepth=\count310
)
(C:\Users\ybuzo\AppData\Local\Programs\MiKTeX\tex/latex/beamer\beamerbasetitle.
sty)
(C:\Users\ybuzo\AppData\Local\Programs\MiKTeX\tex/latex/beamer\beamerbasesectio
n.sty
\c@lecture=\count311
\c@part=\count312
\c@section=\count313
\c@subsection=\count314
\c@subsubsection=\count315
)
(C:\Users\ybuzo\AppData\Local\Programs\MiKTeX\tex/latex/beamer\beamerbaseframe.
sty
\beamer@framebox=\box66
\beamer@frametitlebox=\box67
\beamer@zoombox=\box68
\beamer@zoomcount=\count316
\beamer@zoomframecount=\count317
\beamer@frametextheight=\dimen271
\c@subsectionslide=\count318
\beamer@frametopskip=\skip52
\beamer@framebottomskip=\skip53
\beamer@frametopskipautobreak=\skip54
\beamer@framebottomskipautobreak=\skip55
\beamer@envbody=\toks30
\framewidth=\dimen272
\c@framenumber=\count319
)
(C:\Users\ybuzo\AppData\Local\Programs\MiKTeX\tex/latex/beamer\beamerbaseverbat
im.sty
\beamer@verbatimfileout=\write4
)
(C:\Users\ybuzo\AppData\Local\Programs\MiKTeX\tex/latex/beamer\beamerbaseframes
ize.sty
\beamer@splitbox=\box69
\beamer@autobreakcount=\count320
\beamer@autobreaklastheight=\dimen273
\beamer@frametitletoks=\toks31
\beamer@framesubtitletoks=\toks32
)
(C:\Users\ybuzo\AppData\Local\Programs\MiKTeX\tex/latex/beamer\beamerbaseframec
omponents.sty
\beamer@footins=\box70
)
(C:\Users\ybuzo\AppData\Local\Programs\MiKTeX\tex/latex/beamer\beamerbasecolor.
sty)
(C:\Users\ybuzo\AppData\Local\Programs\MiKTeX\tex/latex/beamer\beamerbasenotes.
sty
\beamer@frameboxcopy=\box71
)
(C:\Users\ybuzo\AppData\Local\Programs\MiKTeX\tex/latex/beamer\beamerbasetoc.st
y)
(C:\Users\ybuzo\AppData\Local\Programs\MiKTeX\tex/latex/beamer\beamerbasetempla
tes.sty
\beamer@sbttoks=\toks33

(C:\Users\ybuzo\AppData\Local\Programs\MiKTeX\tex/latex/beamer\beamerbaseauxtem
plates.sty
(C:\Users\ybuzo\AppData\Local\Programs\MiKTeX\tex/latex/beamer\beamerbaseboxes.
sty
\bmb@box=\box72
\bmb@colorbox=\box73
\bmb@boxwidth=\dimen274
\bmb@boxheight=\dimen275
\bmb@prevheight=\dimen276
\bmb@temp=\dimen277
\bmb@dima=\dimen278
\bmb@dimb=\dimen279
\bmb@prevheight=\dimen280
)
\beamer@blockheadheight=\dimen281
))
(C:\Users\ybuzo\AppData\Local\Programs\MiKTeX\tex/latex/beamer\beamerbaselocals
tructure.sty
(C:\Users\ybuzo\AppData\Local\Programs\MiKTeX\tex/latex/tools\enumerate.sty
Package: enumerate 2023/07/04 v3.00 enumerate extensions (DPC)
\@enLab=\toks34
)
\beamer@bibiconwidth=\skip56
\c@figure=\count321
\c@table=\count322
\abovecaptionskip=\skip57
\belowcaptionskip=\skip58
)
(C:\Users\ybuzo\AppData\Local\Programs\MiKTeX\tex/latex/beamer\beamerbasenaviga
tion.sty
(C:\Users\ybuzo\AppData\Local\Programs\MiKTeX\tex/latex/beamer\beamerbasenaviga
tionsymbols.tex)
\beamer@section@min@dim=\dimen282
)
(C:\Users\ybuzo\AppData\Local\Programs\MiKTeX\tex/latex/beamer\beamerbasetheore
ms.sty
(C:\Users\ybuzo\AppData\Local\Programs\MiKTeX\tex/latex/amsmath\amsmath.sty
Package: amsmath 2023/05/13 v2.17o AMS math features
\@mathmargin=\skip59

For additional information on amsmath, use the `?' option.
(C:\Users\ybuzo\AppData\Local\Programs\MiKTeX\tex/latex/amsmath\amstext.sty
Package: amstext 2021/08/26 v2.01 AMS text

(C:\Users\ybuzo\AppData\Local\Programs\MiKTeX\tex/latex/amsmath\amsgen.sty
File: amsgen.sty 1999/11/30 v2.0 generic functions
\@emptytoks=\toks35
\ex@=\dimen283
))
(C:\Users\ybuzo\AppData\Local\Programs\MiKTeX\tex/latex/amsmath\amsbsy.sty
Package: amsbsy 1999/11/29 v1.2d Bold Symbols
\pmbraise@=\dimen284
)
(C:\Users\ybuzo\AppData\Local\Programs\MiKTeX\tex/latex/amsmath\amsopn.sty
Package: amsopn 2022/04/08 v2.04 operator names
)
\inf@bad=\count323
LaTeX Info: Redefining \frac on input line 234.
\uproot@=\count324
\leftroot@=\count325
LaTeX Info: Redefining \overline on input line 399.
LaTeX Info: Redefining \colon on input line 410.
\classnum@=\count326
\DOTSCASE@=\count327
LaTeX Info: Redefining \ldots on input line 496.
LaTeX Info: Redefining \dots on input line 499.
LaTeX Info: Redefining \cdots on input line 620.
\Mathstrutbox@=\box74
\strutbox@=\box75
LaTeX Info: Redefining \big on input line 722.
LaTeX Info: Redefining \Big on input line 723.
LaTeX Info: Redefining \bigg on input line 724.
LaTeX Info: Redefining \Bigg on input line 725.
\big@size=\dimen285
LaTeX Font Info:    Redeclaring font encoding OML on input line 743.
LaTeX Font Info:    Redeclaring font encoding OMS on input line 744.
\macc@depth=\count328
LaTeX Info: Redefining \bmod on input line 905.
LaTeX Info: Redefining \pmod on input line 910.
LaTeX Info: Redefining \smash on input line 940.
LaTeX Info: Redefining \relbar on input line 970.
LaTeX Info: Redefining \Relbar on input line 971.
\c@MaxMatrixCols=\count329
\dotsspace@=\muskip17
\c@parentequation=\count330
\dspbrk@lvl=\count331
\tag@help=\toks36
\row@=\count332
\column@=\count333
\maxfields@=\count334
\andhelp@=\toks37
\eqnshift@=\dimen286
\alignsep@=\dimen287
\tagshift@=\dimen288
\tagwidth@=\dimen289
\totwidth@=\dimen290
\lineht@=\dimen291
\@envbody=\toks38
\multlinegap=\skip60
\multlinetaggap=\skip61
\mathdisplay@stack=\toks39
LaTeX Info: Redefining \[ on input line 2953.
LaTeX Info: Redefining \] on input line 2954.
)
(C:\Users\ybuzo\AppData\Local\Programs\MiKTeX\tex/latex/amscls\amsthm.sty
Package: amsthm 2020/05/29 v2.20.6
\thm@style=\toks40
\thm@bodyfont=\toks41
\thm@headfont=\toks42
\thm@notefont=\toks43
\thm@headpunct=\toks44
\thm@preskip=\skip62
\thm@postskip=\skip63
\thm@headsep=\skip64
\dth@everypar=\toks45
)
\c@theorem=\count335
)
(C:\Users\ybuzo\AppData\Local\Programs\MiKTeX\tex/latex/beamer\beamerbasethemes
.sty))
(C:\Users\ybuzo\AppData\Local\Programs\MiKTeX\tex/latex/beamer\beamerthemedefau
lt.sty
(C:\Users\ybuzo\AppData\Local\Programs\MiKTeX\tex/latex/beamer\beamerfontthemed
efault.sty)
(C:\Users\ybuzo\AppData\Local\Programs\MiKTeX\tex/latex/beamer\beamercolortheme
default.sty)
(C:\Users\ybuzo\AppData\Local\Programs\MiKTeX\tex/latex/beamer\beamerinnertheme
default.sty
\beamer@dima=\dimen292
\beamer@dimb=\dimen293
)
(C:\Users\ybuzo\AppData\Local\Programs\MiKTeX\tex/latex/beamer\beameroutertheme
default.sty))) (beamerthemeucl.sty (beamercolorthemeucl.sty (uclcolors.sty
Package: uclcolors 
))
(C:\Users\ybuzo\AppData\Local\Programs\MiKTeX\tex/latex/tools\calc.sty
Package: calc 2023/07/08 v4.3 Infix arithmetic (KKT,FJ)
\calc@Acount=\count336
\calc@Bcount=\count337
\calc@Adimen=\dimen294
\calc@Bdimen=\dimen295
\calc@Askip=\skip65
\calc@Bskip=\skip66
LaTeX Info: Redefining \setlength on input line 80.
LaTeX Info: Redefining \addtolength on input line 81.
\calc@Ccount=\count338
\calc@Cskip=\skip67
)
\bannerheight=\skip68
\stripeheight=\skip69
\bannerimagetrim=\skip70


pdfTeX warning: miktex-pdftex.exe (file ./banners/uclbannerblack.pdf): PDF incl
usion: found PDF version <1.6>, but at most version <1.5> allowed
<banners/uclbannerblack.pdf, id=10, 364.19562pt x 29.02182pt>
File: banners/uclbannerblack.pdf Graphic file (type pdf)
<use banners/uclbannerblack.pdf>
Package pdftex.def Info: banners/uclbannerblack.pdf  used on input line 23.
(pdftex.def)             Requested size: 364.19536pt x 29.02217pt.

(C:\Users\ybuzo\AppData\Local\Programs\MiKTeX\tex/latex/beamer\beamerinnertheme
rectangles.sty)
(C:\Users\ybuzo\AppData\Local\Programs\MiKTeX\tex/latex/psnfss\helvet.sty
Package: helvet 2020/03/25 PSNFSS-v9.3 (WaS) 
)
(C:\Users\ybuzo\AppData\Local\Programs\MiKTeX\tex/latex/eulervm\eulervm.sty
Package: eulervm 2005/01/11 v4.0 (WaS)
))
(package.tex
(C:\Users\ybuzo\AppData\Local\Programs\MiKTeX\tex/generic/xypic\xy.sty
(C:\Users\ybuzo\AppData\Local\Programs\MiKTeX\tex/generic/xypic\xy.tex
Bootstrap'ing: catcodes, docmode,
(C:\Users\ybuzo\AppData\Local\Programs\MiKTeX\tex/generic/xypic\xyrecat.tex)
(C:\Users\ybuzo\AppData\Local\Programs\MiKTeX\tex/generic/xypic\xyidioms.tex)

 Xy-pic version 3.8.9 <2013/10/06>
 Copyright (c) 1991-2013 by Kristoffer H. Rose <krisrose@tug.org> and others
 Xy-pic is free software: see the User's Guide for details.

Loading kernel: messages; fonts; allocations: state,
\X@c=\dimen296
\Y@c=\dimen297
\U@c=\dimen298
\D@c=\dimen299
\L@c=\dimen300
\R@c=\dimen301
\Edge@c=\toks46
\X@p=\dimen302
\Y@p=\dimen303
\U@p=\dimen304
\D@p=\dimen305
\L@p=\dimen306
\R@p=\dimen307
\Edge@p=\toks47
\X@origin=\dimen308
\Y@origin=\dimen309
\X@xbase=\dimen310
\Y@xbase=\dimen311
\X@ybase=\dimen312
\Y@ybase=\dimen313
\X@min=\dimen314
\Y@min=\dimen315
\X@max=\dimen316
\Y@max=\dimen317
\lastobjectbox@=\box76
\zerodotbox@=\box77
\almostz@=\dimen318
 direction,
\d@X=\dimen319
\d@Y=\dimen320
\K@=\count339
\KK@=\count340
\Direction=\count341
\K@dXdY=\dimen321
\K@dYdX=\dimen322
\xyread@=\read3
\xywrite@=\write5
\csp@=\count342
\quotPTK@=\dimen323

utility macros; pictures: \xy, positions,
\swaptoks@@=\toks48
\connectobjectbox@@=\box78
 objects,
\styletoks@=\toks49
 decorations;
kernel objects: directionals, circles, text; options; algorithms: directions,
edges, connections;  Xy-pic loaded)
(C:\Users\ybuzo\AppData\Local\Programs\MiKTeX\tex/generic/iftex\ifpdf.sty
Package: ifpdf 2019/10/25 v3.4 ifpdf legacy package. Use iftex instead.
)
Package: xy 2013/10/06 Xy-pic version 3.8.9

(C:\Users\ybuzo\AppData\Local\Programs\MiKTeX\tex/generic/xypic\xyall.tex
 Xy-pic option: All features v.3.8
(C:\Users\ybuzo\AppData\Local\Programs\MiKTeX\tex/generic/xypic\xycurve.tex
 Xy-pic option: Curve and Spline extension v.3.12 curve,
\crv@cnt@=\count343
\crvpts@=\toks50
\splinebox@=\box79
\splineval@=\dimen324
\splinedepth@=\dimen325
\splinetol@=\dimen326
\splinelength@=\dimen327
 circles,
\L@=\dimen328
 loaded)
(C:\Users\ybuzo\AppData\Local\Programs\MiKTeX\tex/generic/xypic\xyframe.tex
 Xy-pic option: Frame and Bracket extension v.3.14 loaded)
(C:\Users\ybuzo\AppData\Local\Programs\MiKTeX\tex/generic/xypic\xycmtip.tex
 Xy-pic option: Computer Modern tip extension v.3.7
(C:\Users\ybuzo\AppData\Local\Programs\MiKTeX\tex/generic/xypic\xytips.tex
 Xy-pic option: More Tips extension v.3.11 loaded) loaded)
(C:\Users\ybuzo\AppData\Local\Programs\MiKTeX\tex/generic/xypic\xyline.tex
 Xy-pic option: Line styles extension v.3.10
\xylinethick@=\dimen329
 loaded)
(C:\Users\ybuzo\AppData\Local\Programs\MiKTeX\tex/generic/xypic\xyrotate.tex
 Xy-pic option: Rotate and Scale extension v.3.8 loaded)
(C:\Users\ybuzo\AppData\Local\Programs\MiKTeX\tex/generic/xypic\xycolor.tex
 Xy-pic option: Colour extension v.3.11 loaded)
(C:\Users\ybuzo\AppData\Local\Programs\MiKTeX\tex/generic/xypic\xymatrix.tex
 Xy-pic option: Matrix feature v.3.14
\Row=\count344
\Col=\count345
\queue@=\toks51
\queue@@=\toks52
\qcount@=\count346
\qcount@@=\count347
\matrixsize@=\count348
 loaded)
(C:\Users\ybuzo\AppData\Local\Programs\MiKTeX\tex/generic/xypic\xyarrow.tex
 Xy-pic option: Arrow and Path feature v.3.9 path, \ar, loaded)
(C:\Users\ybuzo\AppData\Local\Programs\MiKTeX\tex/generic/xypic\xygraph.tex
 Xy-pic option: Graph feature v.3.11 loaded) loaded)
(C:\Users\ybuzo\AppData\Local\Programs\MiKTeX\tex/generic/xypic\xypdf.tex
 Xy-pic option: PDF driver v.1.7 Xy-pic pdf driver: `color' extension support
(C:\Users\ybuzo\AppData\Local\Programs\MiKTeX\tex/generic/xypic\xypdf-co.tex
loaded) Xy-pic pdf driver: `curve' extension support
(C:\Users\ybuzo\AppData\Local\Programs\MiKTeX\tex/generic/xypic\xypdf-cu.tex
loaded) Xy-pic pdf driver: `frame' extension support
(C:\Users\ybuzo\AppData\Local\Programs\MiKTeX\tex/generic/xypic\xypdf-fr.tex
loaded) Xy-pic pdf driver: `line' extension support
(C:\Users\ybuzo\AppData\Local\Programs\MiKTeX\tex/generic/xypic\xypdf-li.tex
loaded) Xy-pic pdf driver: `rotate' extension support
(C:\Users\ybuzo\AppData\Local\Programs\MiKTeX\tex/generic/xypic\xypdf-ro.tex
loaded) loaded))
(C:\Users\ybuzo\AppData\Local\Programs\MiKTeX\tex/latex/stmaryrd\stmaryrd.sty
Package: stmaryrd 1994/03/03 St Mary's Road symbol package
\symstmry=\mathgroup6
LaTeX Font Info:    Overwriting symbol font `stmry' in version `bold'
(Font)                  U/stmry/m/n --> U/stmry/b/n on input line 89.
)
(C:\Users\ybuzo\AppData\Local\Programs\MiKTeX\tex/latex/base\textcomp.sty
Package: textcomp 2020/02/02 v2.0n Standard LaTeX package
)
(C:\Users\ybuzo\AppData\Local\Programs\MiKTeX\tex/latex/jknappen\mathbbol.sty
Package: mathbbol 1995/01/01
\symbbold=\mathgroup7
)
(C:\Users\ybuzo\AppData\Local\Programs\MiKTeX\tex/latex/bbold\bbold.sty
Package: bbold 1994/04/06 Bbold symbol package
LaTeX Font Info:    Redeclaring math alphabet \mathbb on input line 42.
)
(C:\Users\ybuzo\AppData\Local\Programs\MiKTeX\tex/latex/doublestroke\dsfont.sty
Package: dsfont 1995/08/01 v0.1 Double stroke roman fonts
)
(C:\Users\ybuzo\AppData\Local\Programs\MiKTeX\tex/latex/algorithms\algorithm.st
y
Package: algorithm 2009/08/24 v0.1 Document Style `algorithm' - floating enviro
nment
 (C:\Users\ybuzo\AppData\Local\Programs\MiKTeX\tex/latex/float\float.sty
Package: float 2001/11/08 v1.3d Float enhancements (AL)
\c@float@type=\count349
\float@exts=\toks53
\float@box=\box80
\@float@everytoks=\toks54
\@floatcapt=\box81
)
(C:\Users\ybuzo\AppData\Local\Programs\MiKTeX\tex/latex/base\ifthen.sty
Package: ifthen 2022/04/13 v1.1d Standard LaTeX ifthen package (DPC)
)
\@float@every@algorithm=\toks55
\c@algorithm=\count350
)
(C:\Users\ybuzo\AppData\Local\Programs\MiKTeX\tex/latex/mathtools\mathtools.sty
Package: mathtools 2022/06/29 v1.29 mathematical typesetting tools
(C:\Users\ybuzo\AppData\Local\Programs\MiKTeX\tex/latex/mathtools\mhsetup.sty
Package: mhsetup 2021/03/18 v1.4 programming setup (MH)
)
\g_MT_multlinerow_int=\count351
\l_MT_multwidth_dim=\dimen330
\origjot=\skip71
\l_MT_shortvdotswithinadjustabove_dim=\dimen331
\l_MT_shortvdotswithinadjustbelow_dim=\dimen332
\l_MT_above_intertext_sep=\dimen333
\l_MT_below_intertext_sep=\dimen334
\l_MT_above_shortintertext_sep=\dimen335
\l_MT_below_shortintertext_sep=\dimen336
\xmathstrut@box=\box82
\xmathstrut@dim=\dimen337
)
Package hyperref Info: Option `colorlinks' set `true' on input line 23.
(C:\Users\ybuzo\AppData\Local\Programs\MiKTeX\tex/latex/comment\comment.sty
\CommentStream=\write6

Excluding comment 'comment')
(C:\Users\ybuzo\AppData\Local\Programs\MiKTeX\tex/latex/relsize\relsize.sty
Package: relsize 2013/03/29 ver 4.1
)
\sympureletters=\mathgroup8
LaTeX Font Info:    Overwriting symbol font `pureletters' in version `bold'
(Font)                  OT1/mathkerncmss/m/sl --> OT1/mathkerncmss/bx/sl on inp
ut line 29.

(C:\Users\ybuzo\AppData\Local\Programs\MiKTeX\tex/latex/tools\bm.sty
Package: bm 2023/07/08 v1.2f Bold Symbol Support (DPC/FMi)
Package bm Info: No bold for \U/zeuex/m/n, using \pmb.
Package bm Info: No bold for \U/msa/m/n, using \pmb.
Package bm Info: No bold for \U/msb/m/n, using \pmb.
Package bm Info: No bold for \U/bbold/m/n, using \pmb.
)
(C:\Users\ybuzo\AppData\Local\Programs\MiKTeX\tex/latex/bbm\bbm.sty
Package: bbm 1999/03/15 V 1.2 provides fonts for set symbols - TH
LaTeX Font Info:    Overwriting math alphabet `\mathbbm' in version `bold'
(Font)                  U/bbm/m/n --> U/bbm/bx/n on input line 33.
LaTeX Font Info:    Overwriting math alphabet `\mathbbmss' in version `bold'
(Font)                  U/bbmss/m/n --> U/bbmss/bx/n on input line 35.
)
(C:\Users\ybuzo\AppData\Local\Programs\MiKTeX\tex/latex/caption\subcaption.sty
Package: subcaption 2023/07/28 v1.6b Sub-captions (AR)

(C:\Users\ybuzo\AppData\Local\Programs\MiKTeX\tex/latex/caption\caption.sty
Package: caption 2023/08/05 v3.6o Customizing captions (AR)

(C:\Users\ybuzo\AppData\Local\Programs\MiKTeX\tex/latex/caption\caption3.sty
Package: caption3 2023/07/31 v2.4d caption3 kernel (AR)
\caption@tempdima=\dimen338
\captionmargin=\dimen339
\caption@leftmargin=\dimen340
\caption@rightmargin=\dimen341
\caption@width=\dimen342
\caption@indent=\dimen343
\caption@parindent=\dimen344
\caption@hangindent=\dimen345
Package caption Info: beamer document class detected.

(C:\Users\ybuzo\AppData\Local\Programs\MiKTeX\tex/latex/caption\caption-beamer.
sto
File: caption-beamer.sto 2022/01/06 v2.0c Adaption of the caption package to th
e beamer document classes (AR)
))
\c@caption@flags=\count352
\c@continuedfloat=\count353
Package caption Info: float package is loaded.
Package caption Info: hyperref package is loaded.
Package caption Info: Hyperref support is turned off
(caption)             because hyperref has stopped early.
)
Package caption Info: New subtype `subfigure' on input line 238.
\c@subfigure=\count354
Package caption Info: New subtype `subtable' on input line 238.
\c@subtable=\count355
)
(C:\Users\ybuzo\AppData\Local\Programs\MiKTeX\tex/latex/cleveref\cleveref.sty
Package: cleveref 2018/03/27 v0.21.4 Intelligent cross-referencing


Package cleveref Warning: hyperref package loaded with implicit=false option - 
disabling cleveref's hyperref support. This situation is not supported by cleve
ref, and there's no guarantee anything will work. You're on your own! on input 
line 2370.

Package cleveref Info: `amsthm' support loaded on input line 3026.
)
(C:\Users\ybuzo\AppData\Local\Programs\MiKTeX\tex/latex/bussproofs\bussproofs.s
ty
Proof Tree (bussproofs) style macros. Version 1.1.
\theLevel=\count356
\myMaxLevel=\count357
\myBoxA=\box83
\myBoxB=\box84
\myBoxC=\box85
\myBoxD=\box86
\myBoxLL=\box87
\myBoxRL=\box88
\thisAboveSkip=\dimen346
\thisBelowSkip=\dimen347
\newScoreStart=\dimen348
\newScoreEnd=\dimen349
\newCenter=\dimen350
\displace=\dimen351
\leftLowerAmt=\dimen352
\rightLowerAmt=\dimen353
\scoreHeight=\dimen354
\scoreDepth=\dimen355
\htLbox=\dimen356
\htRbox=\dimen357
\htRRbox=\dimen358
\htRRRbox=\dimen359
\htAbox=\dimen360
\htCbox=\dimen361
) (C:\Users\ybuzo\AppData\Local\Programs\MiKTeX\tex/latex/psnfss\pifont.sty
Package: pifont 2020/03/25 PSNFSS-v9.3 Pi font support (SPQR) 
LaTeX Font Info:    Trying to load font information for U+pzd on input line 63.


(C:\Users\ybuzo\AppData\Local\Programs\MiKTeX\tex/latex/psnfss\upzd.fd
File: upzd.fd 2001/06/04 font definitions for U/pzd.
)
LaTeX Font Info:    Trying to load font information for U+psy on input line 64.


(C:\Users\ybuzo\AppData\Local\Programs\MiKTeX\tex/latex/psnfss\upsy.fd
File: upsy.fd 2001/06/04 font definitions for U/psy.
))
(C:\Users\ybuzo\AppData\Local\Programs\MiKTeX\tex/latex/wrapfig\wrapfig.sty
\wrapoverhang=\dimen362
\WF@size=\dimen363
\c@WF@wrappedlines=\count358
\WF@box=\box89
\WF@everypar=\toks56
Package: wrapfig 2003/01/31  v 3.6
)
(C:\Users\ybuzo\AppData\Local\Programs\MiKTeX\tex/latex/cutwin\cutwin.sty
Package: cutwin 2021/10/13 v0.2 cutout windows
\c@twwinlines=\count359
\c@twtoplines=\count360
\c@twcnt=\count361
\c@twlftside=\dimen364
\c@twrtside=\dimen365
\c@twtopht=\dimen366
\c@twvsilg=\dimen367
\c@twtoka=\toks57
\c@twtokb=\toks58
\c@twrawtext=\box90
\c@twholdwin=\box91
\c@twwindow=\box92
\c@twfinaltext=\box93
\c@twslicea=\box94
\c@twsliceb=\box95
\c@twdima=\dimen368
\c@twdimb=\dimen369
)
(C:\Users\ybuzo\AppData\Local\Programs\MiKTeX\tex/latex/tikz-cd\tikz-cd.sty
Package: tikz-cd 2021/05/04 v1.0 Commutative diagrams with TikZ

(C:\Users\ybuzo\AppData\Local\Programs\MiKTeX\tex/latex/pgf/frontendlayer\tikz.
sty
(C:\Users\ybuzo\AppData\Local\Programs\MiKTeX\tex/latex/pgf/basiclayer\pgf.sty
Package: pgf 2023-01-15 v3.1.10 (3.1.10)

(C:\Users\ybuzo\AppData\Local\Programs\MiKTeX\tex/generic/pgf/modules\pgfmodule
shapes.code.tex
File: pgfmoduleshapes.code.tex 2023-01-15 v3.1.10 (3.1.10)
\pgfnodeparttextbox=\box96
)
(C:\Users\ybuzo\AppData\Local\Programs\MiKTeX\tex/generic/pgf/modules\pgfmodule
plot.code.tex
File: pgfmoduleplot.code.tex 2023-01-15 v3.1.10 (3.1.10)
)
(C:\Users\ybuzo\AppData\Local\Programs\MiKTeX\tex/latex/pgf/compatibility\pgfco
mp-version-0-65.sty
Package: pgfcomp-version-0-65 2023-01-15 v3.1.10 (3.1.10)
\pgf@nodesepstart=\dimen370
\pgf@nodesepend=\dimen371
)
(C:\Users\ybuzo\AppData\Local\Programs\MiKTeX\tex/latex/pgf/compatibility\pgfco
mp-version-1-18.sty
Package: pgfcomp-version-1-18 2023-01-15 v3.1.10 (3.1.10)
))
(C:\Users\ybuzo\AppData\Local\Programs\MiKTeX\tex/latex/pgf/utilities\pgffor.st
y
(C:\Users\ybuzo\AppData\Local\Programs\MiKTeX\tex/generic/pgf/utilities\pgffor.
code.tex
Package: pgffor 2023-01-15 v3.1.10 (3.1.10)
\pgffor@iter=\dimen372
\pgffor@skip=\dimen373
\pgffor@stack=\toks59
\pgffor@toks=\toks60
))
(C:\Users\ybuzo\AppData\Local\Programs\MiKTeX\tex/generic/pgf/frontendlayer/tik
z\tikz.code.tex
Package: tikz 2023-01-15 v3.1.10 (3.1.10)

(C:\Users\ybuzo\AppData\Local\Programs\MiKTeX\tex/generic/pgf/libraries\pgflibr
aryplothandlers.code.tex
File: pgflibraryplothandlers.code.tex 2023-01-15 v3.1.10 (3.1.10)
\pgf@plot@mark@count=\count362
\pgfplotmarksize=\dimen374
)
\tikz@lastx=\dimen375
\tikz@lasty=\dimen376
\tikz@lastxsaved=\dimen377
\tikz@lastysaved=\dimen378
\tikz@lastmovetox=\dimen379
\tikz@lastmovetoy=\dimen380
\tikzleveldistance=\dimen381
\tikzsiblingdistance=\dimen382
\tikz@figbox=\box97
\tikz@figbox@bg=\box98
\tikz@tempbox=\box99
\tikz@tempbox@bg=\box100
\tikztreelevel=\count363
\tikznumberofchildren=\count364
\tikznumberofcurrentchild=\count365
\tikz@fig@count=\count366

(C:\Users\ybuzo\AppData\Local\Programs\MiKTeX\tex/generic/pgf/modules\pgfmodule
matrix.code.tex
File: pgfmodulematrix.code.tex 2023-01-15 v3.1.10 (3.1.10)
\pgfmatrixcurrentrow=\count367
\pgfmatrixcurrentcolumn=\count368
\pgf@matrix@numberofcolumns=\count369
)
\tikz@expandcount=\count370

(C:\Users\ybuzo\AppData\Local\Programs\MiKTeX\tex/generic/pgf/frontendlayer/tik
z/libraries\tikzlibrarytopaths.code.tex
File: tikzlibrarytopaths.code.tex 2023-01-15 v3.1.10 (3.1.10)
)))
(C:\Users\ybuzo\AppData\Local\Programs\MiKTeX\tex/latex/tikz-cd\tikzlibrarycd.c
ode.tex
(C:\Users\ybuzo\AppData\Local\Programs\MiKTeX\tex/generic/pgf/frontendlayer/tik
z/libraries\tikzlibrarymatrix.code.tex
File: tikzlibrarymatrix.code.tex 2023-01-15 v3.1.10 (3.1.10)
)
(C:\Users\ybuzo\AppData\Local\Programs\MiKTeX\tex/generic/pgf/frontendlayer/tik
z/libraries\tikzlibraryquotes.code.tex
File: tikzlibraryquotes.code.tex 2023-01-15 v3.1.10 (3.1.10)
)
(C:\Users\ybuzo\AppData\Local\Programs\MiKTeX\tex/generic/pgf/libraries\pgflibr
aryarrows.meta.code.tex
File: pgflibraryarrows.meta.code.tex 2023-01-15 v3.1.10 (3.1.10)
\pgfarrowinset=\dimen383
\pgfarrowlength=\dimen384
\pgfarrowwidth=\dimen385
\pgfarrowlinewidth=\dimen386
))) (tikzit.sty
(C:\Users\ybuzo\AppData\Local\Programs\MiKTeX\tex/generic/pgf/frontendlayer/tik
z/libraries\tikzlibrarybackgrounds.code.tex
File: tikzlibrarybackgrounds.code.tex 2023-01-15 v3.1.10 (3.1.10)
\pgf@layerbox@background=\box101
\pgf@layerboxsaved@background=\box102
)
(C:\Users\ybuzo\AppData\Local\Programs\MiKTeX\tex/generic/pgf/frontendlayer/tik
z/libraries\tikzlibraryarrows.code.tex
File: tikzlibraryarrows.code.tex 2023-01-15 v3.1.10 (3.1.10)

(C:\Users\ybuzo\AppData\Local\Programs\MiKTeX\tex/generic/pgf/libraries\pgflibr
aryarrows.code.tex
File: pgflibraryarrows.code.tex 2023-01-15 v3.1.10 (3.1.10)
\arrowsize=\dimen387
))
(C:\Users\ybuzo\AppData\Local\Programs\MiKTeX\tex/generic/pgf/frontendlayer/tik
z/libraries\tikzlibraryshapes.code.tex
File: tikzlibraryshapes.code.tex 2023-01-15 v3.1.10 (3.1.10)

(C:\Users\ybuzo\AppData\Local\Programs\MiKTeX\tex/generic/pgf/frontendlayer/tik
z/libraries\tikzlibraryshapes.geometric.code.tex
File: tikzlibraryshapes.geometric.code.tex 2023-01-15 v3.1.10 (3.1.10)

(C:\Users\ybuzo\AppData\Local\Programs\MiKTeX\tex/generic/pgf/libraries/shapes\
pgflibraryshapes.geometric.code.tex
File: pgflibraryshapes.geometric.code.tex 2023-01-15 v3.1.10 (3.1.10)
))
(C:\Users\ybuzo\AppData\Local\Programs\MiKTeX\tex/generic/pgf/frontendlayer/tik
z/libraries\tikzlibraryshapes.misc.code.tex
File: tikzlibraryshapes.misc.code.tex 2023-01-15 v3.1.10 (3.1.10)

(C:\Users\ybuzo\AppData\Local\Programs\MiKTeX\tex/generic/pgf/libraries/shapes\
pgflibraryshapes.misc.code.tex
File: pgflibraryshapes.misc.code.tex 2023-01-15 v3.1.10 (3.1.10)
))
(C:\Users\ybuzo\AppData\Local\Programs\MiKTeX\tex/generic/pgf/frontendlayer/tik
z/libraries\tikzlibraryshapes.symbols.code.tex
File: tikzlibraryshapes.symbols.code.tex 2023-01-15 v3.1.10 (3.1.10)

(C:\Users\ybuzo\AppData\Local\Programs\MiKTeX\tex/generic/pgf/libraries/shapes\
pgflibraryshapes.symbols.code.tex
File: pgflibraryshapes.symbols.code.tex 2023-01-15 v3.1.10 (3.1.10)
))
(C:\Users\ybuzo\AppData\Local\Programs\MiKTeX\tex/generic/pgf/frontendlayer/tik
z/libraries\tikzlibraryshapes.arrows.code.tex
File: tikzlibraryshapes.arrows.code.tex 2023-01-15 v3.1.10 (3.1.10)

(C:\Users\ybuzo\AppData\Local\Programs\MiKTeX\tex/generic/pgf/libraries/shapes\
pgflibraryshapes.arrows.code.tex
File: pgflibraryshapes.arrows.code.tex 2023-01-15 v3.1.10 (3.1.10)
))
(C:\Users\ybuzo\AppData\Local\Programs\MiKTeX\tex/generic/pgf/frontendlayer/tik
z/libraries\tikzlibraryshapes.callouts.code.tex
(C:\Users\ybuzo\AppData\Local\Programs\MiKTeX\tex/generic/pgf/libraries/shapes\
pgflibraryshapes.callouts.code.tex))
(C:\Users\ybuzo\AppData\Local\Programs\MiKTeX\tex/generic/pgf/frontendlayer/tik
z/libraries\tikzlibraryshapes.multipart.code.tex
File: tikzlibraryshapes.multipart.code.tex 2023-01-15 v3.1.10 (3.1.10)

(C:\Users\ybuzo\AppData\Local\Programs\MiKTeX\tex/generic/pgf/libraries/shapes\
pgflibraryshapes.multipart.code.tex
File: pgflibraryshapes.multipart.code.tex 2023-01-15 v3.1.10 (3.1.10)
\pgfnodepartlowerbox=\box103
\pgfnodeparttwobox=\box104
\pgfnodepartthreebox=\box105
\pgfnodepartfourbox=\box106
\pgfnodeparttwentybox=\box107
\pgfnodepartnineteenbox=\box108
\pgfnodeparteighteenbox=\box109
\pgfnodepartseventeenbox=\box110
\pgfnodepartsixteenbox=\box111
\pgfnodepartfifteenbox=\box112
\pgfnodepartfourteenbox=\box113
\pgfnodepartthirteenbox=\box114
\pgfnodeparttwelvebox=\box115
\pgfnodepartelevenbox=\box116
\pgfnodeparttenbox=\box117
\pgfnodepartninebox=\box118
\pgfnodeparteightbox=\box119
\pgfnodepartsevenbox=\box120
\pgfnodepartsixbox=\box121
\pgfnodepartfivebox=\box122
)))
\pgf@layerbox@edgelayer=\box123
\pgf@layerboxsaved@edgelayer=\box124
\pgf@layerbox@nodelayer=\box125
\pgf@layerboxsaved@nodelayer=\box126
) (local.tikzstyles)
(C:\Users\ybuzo\AppData\Local\Programs\MiKTeX\tex/latex/jknappen\mathrsfs.sty
Package: mathrsfs 1996/01/01 Math RSFS package v1.0 (jk)
\symrsfs=\mathgroup9
)
(C:\Users\ybuzo\AppData\Local\Programs\MiKTeX\tex/latex/cmll\cmll.sty
Package: cmll 2010/04/20 Linear Logic symbols for Computer Modern
\symllsymbols=\mathgroup10
LaTeX Font Info:    Overwriting symbol font `llsymbols' in version `bold'
(Font)                  U/cmllr/m/n --> U/cmllr/bx/n on input line 49.
))
(macro.tex
\qqBoxA=\box127
\qqCornerHgt=\dimen388
LaTeX Font Info:    Trying to load font information for OT1+phv on input line 1
07.

(C:\Users\ybuzo\AppData\Local\Programs\MiKTeX\tex/latex/psnfss\ot1phv.fd
File: ot1phv.fd 2020/03/25 scalable font definitions for OT1/phv.
)
LaTeX Font Info:    Font shape `OT1/phv/m/n' will be
(Font)              scaled to size 10.40245pt on input line 107.
LaTeX Font Info:    Font shape `OT1/phv/m/n' will be
(Font)              scaled to size 7.59998pt on input line 107.
LaTeX Font Info:    Font shape `OT1/phv/m/n' will be
(Font)              scaled to size 5.69998pt on input line 107.
LaTeX Font Info:    Trying to load font information for U+zeur on input line 10
7.

(C:\Users\ybuzo\AppData\Local\Programs\MiKTeX\tex/latex/eulervm\uzeur.fd
File: uzeur.fd 2005/01/11 v4.0 (WaS)
)
LaTeX Font Info:    Trying to load font information for U+zeus on input line 10
7.

(C:\Users\ybuzo\AppData\Local\Programs\MiKTeX\tex/latex/eulervm\uzeus.fd
File: uzeus.fd 2005/01/11 v4.0 (WaS)
)
LaTeX Font Info:    Trying to load font information for U+zeuex on input line 1
07.

(C:\Users\ybuzo\AppData\Local\Programs\MiKTeX\tex/latex/eulervm\uzeuex.fd
File: uzeuex.fd 2005/01/11 v4.0 (WaS)
)
LaTeX Font Info:    Trying to load font information for U+msa on input line 107
.

(C:\Users\ybuzo\AppData\Local\Programs\MiKTeX\tex/latex/amsfonts\umsa.fd
File: umsa.fd 2013/01/14 v3.01 AMS symbols A
)
LaTeX Font Info:    Trying to load font information for U+msb on input line 107
.

(C:\Users\ybuzo\AppData\Local\Programs\MiKTeX\tex/latex/amsfonts\umsb.fd
File: umsb.fd 2013/01/14 v3.01 AMS symbols B
)
LaTeX Font Info:    Trying to load font information for U+stmry on input line 1
07.

(C:\Users\ybuzo\AppData\Local\Programs\MiKTeX\tex/latex/stmaryrd\ustmry.fd)
LaTeX Font Info:    Trying to load font information for U+bbold on input line 1
07.
LaTeX Font Info:    No file Ubbold.fd. on input line 107.


LaTeX Font Warning: Font shape `U/bbold/m/n' undefined
(Font)              using `U/cmr/m/n' instead on input line 107.

LaTeX Font Info:    Trying to load font information for OT1+mathkerncmss on inp
ut line 107.

(C:\Users\ybuzo\AppData\Local\Programs\MiKTeX\tex/latex/sansmathaccent\ot1mathk
erncmss.fd
File: ot1mathkerncmss.fd 2020/01/31 Fontinst v1.933 font definitions for OT1/ma
thkerncmss.
)
LaTeX Font Info:    Trying to load font information for U+rsfs on input line 10
7.

(C:\Users\ybuzo\AppData\Local\Programs\MiKTeX\tex/latex/jknappen\ursfs.fd
File: ursfs.fd 1998/03/24 rsfs font definition file (jk)
)
LaTeX Font Info:    Trying to load font information for U+cmllr on input line 1
07.

(C:\Users\ybuzo\AppData\Local\Programs\MiKTeX\tex/latex/cmll\ucmllr.fd)
\qqArgHgt=\dimen389
)
(beamerinnerthemeblockborder.sty)
(C:\Users\ybuzo\AppData\Local\Programs\MiKTeX\tex/latex/l3backend\l3backend-pdf
tex.def
File: l3backend-pdftex.def 2024-01-04 L3 backend support: PDF output (pdfTeX)
\l__color_backend_stack_int=\count371
\l__pdf_internal_box=\box128
) (main.aux)
\openout1 = `main.aux'.

LaTeX Font Info:    Checking defaults for OML/cmm/m/it on input line 37.
LaTeX Font Info:    ... okay on input line 37.
LaTeX Font Info:    Checking defaults for OMS/cmsy/m/n on input line 37.
LaTeX Font Info:    ... okay on input line 37.
LaTeX Font Info:    Checking defaults for OT1/cmr/m/n on input line 37.
LaTeX Font Info:    ... okay on input line 37.
LaTeX Font Info:    Checking defaults for T1/cmr/m/n on input line 37.
LaTeX Font Info:    ... okay on input line 37.
LaTeX Font Info:    Checking defaults for TS1/cmr/m/n on input line 37.
LaTeX Font Info:    ... okay on input line 37.
LaTeX Font Info:    Checking defaults for OMX/cmex/m/n on input line 37.
LaTeX Font Info:    ... okay on input line 37.
LaTeX Font Info:    Checking defaults for U/cmr/m/n on input line 37.
LaTeX Font Info:    ... okay on input line 37.
LaTeX Font Info:    Checking defaults for PD1/pdf/m/n on input line 37.
LaTeX Font Info:    ... okay on input line 37.
LaTeX Font Info:    Checking defaults for PU/pdf/m/n on input line 37.
LaTeX Font Info:    ... okay on input line 37.

*geometry* driver: auto-detecting
*geometry* detected driver: pdftex
*geometry* verbose mode - [ preamble ] result:
* driver: pdftex
* paper: custom
* layout: <same size as paper>
* layoutoffset:(h,v)=(0.0pt,0.0pt)
* modes: includehead includefoot 
* h-part:(L,W,R)=(15.32997pt, 333.53542pt, 15.32997pt)
* v-part:(T,H,B)=(0.0pt, 273.14662pt, 0.0pt)
* \paperwidth=364.19536pt
* \paperheight=273.14662pt
* \textwidth=333.53542pt
* \textheight=244.6939pt
* \oddsidemargin=-56.94002pt
* \evensidemargin=-56.94002pt
* \topmargin=-72.26999pt
* \headheight=14.22636pt
* \headsep=0.0pt
* \topskip=11.0pt
* \footskip=14.22636pt
* \marginparwidth=4.0pt
* \marginparsep=10.0pt
* \columnsep=10.0pt
* \skip\footins=10.0pt plus 4.0pt minus 2.0pt
* \hoffset=0.0pt
* \voffset=0.0pt
* \mag=1000
* \@twocolumnfalse
* \@twosidefalse
* \@mparswitchfalse
* \@reversemarginfalse
* (1in=72.27pt=25.4mm, 1cm=28.453pt)


(C:\Users\ybuzo\AppData\Local\Programs\MiKTeX\tex/context/base/mkii\supp-pdf.mk
ii
[Loading MPS to PDF converter (version 2006.09.02).]
\scratchcounter=\count372
\scratchdimen=\dimen390
\scratchbox=\box129
\nofMPsegments=\count373
\nofMParguments=\count374
\everyMPshowfont=\toks61
\MPscratchCnt=\count375
\MPscratchDim=\dimen391
\MPnumerator=\count376
\makeMPintoPDFobject=\count377
\everyMPtoPDFconversion=\toks62
)
(C:\Users\ybuzo\AppData\Local\Programs\MiKTeX\tex/latex/epstopdf-pkg\epstopdf-b
ase.sty
Package: epstopdf-base 2020-01-24 v2.11 Base part for package epstopdf
Package epstopdf-base Info: Redefining graphics rule for `.eps' on input line 4
85.

(C:\Users\ybuzo\AppData\Local\Programs\MiKTeX\tex/latex/00miktex\epstopdf-sys.c
fg
File: epstopdf-sys.cfg 2021/03/18 v2.0 Configuration of epstopdf for MiKTeX
))
Package hyperref Info: Link coloring ON on input line 37.
 (main.out) (main.out)
\@outlinefile=\write7
\openout7 = `main.out'.

LaTeX Font Info:    Overwriting symbol font `operators' in version `normal'
(Font)                  OT1/phv/m/n --> OT1/cmss/m/n on input line 37.
LaTeX Font Info:    Overwriting symbol font `operators' in version `bold'
(Font)                  OT1/phv/b/n --> OT1/cmss/b/n on input line 37.
\symnumbers=\mathgroup11
LaTeX Font Info:    Redeclaring symbol font `pureletters' on input line 37.
LaTeX Font Info:    Overwriting symbol font `pureletters' in version `normal'
(Font)                  OT1/mathkerncmss/m/sl --> OT1/phv/m/it on input line 37
.
LaTeX Font Info:    Overwriting symbol font `pureletters' in version `bold'
(Font)                  OT1/mathkerncmss/bx/sl --> OT1/phv/m/it on input line 3
7.
LaTeX Font Info:    Overwriting math alphabet `\mathrm' in version `normal'
(Font)                  OT1/cmss/m/n --> OT1/cmr/m/n on input line 37.
LaTeX Font Info:    Redeclaring math alphabet \mathbf on input line 37.
LaTeX Font Info:    Overwriting math alphabet `\mathbf' in version `normal'
(Font)                  OT1/cmr/b/n --> OT1/phv/b/n on input line 37.
LaTeX Font Info:    Overwriting math alphabet `\mathbf' in version `bold'
(Font)                  OT1/cmr/b/n --> OT1/phv/b/n on input line 37.
LaTeX Font Info:    Redeclaring math alphabet \mathsf on input line 37.
LaTeX Font Info:    Overwriting math alphabet `\mathsf' in version `normal'
(Font)                  OT1/phv/m/n --> OT1/phv/m/n on input line 37.
LaTeX Font Info:    Overwriting math alphabet `\mathsf' in version `bold'
(Font)                  OT1/phv/b/n --> OT1/phv/m/n on input line 37.
LaTeX Font Info:    Redeclaring math alphabet \mathit on input line 37.
LaTeX Font Info:    Overwriting math alphabet `\mathit' in version `normal'
(Font)                  OT1/cmr/m/it --> OT1/phv/m/it on input line 37.
LaTeX Font Info:    Overwriting math alphabet `\mathit' in version `bold'
(Font)                  OT1/cmr/b/it --> OT1/phv/m/it on input line 37.
LaTeX Font Info:    Redeclaring math alphabet \mathtt on input line 37.
LaTeX Font Info:    Overwriting math alphabet `\mathtt' in version `normal'
(Font)                  OT1/cmtt/m/n --> OT1/cmtt/m/n on input line 37.
LaTeX Font Info:    Overwriting math alphabet `\mathtt' in version `bold'
(Font)                  OT1/cmtt/b/n --> OT1/cmtt/m/n on input line 37.
LaTeX Font Info:    Overwriting symbol font `numbers' in version `bold'
(Font)                  OT1/phv/m/n --> OT1/phv/b/n on input line 37.
LaTeX Font Info:    Overwriting symbol font `pureletters' in version `bold'
(Font)                  OT1/phv/m/it --> OT1/phv/b/it on input line 37.
LaTeX Font Info:    Overwriting math alphabet `\mathrm' in version `bold'
(Font)                  OT1/cmss/b/n --> OT1/cmr/b/n on input line 37.
LaTeX Font Info:    Overwriting math alphabet `\mathbf' in version `bold'
(Font)                  OT1/phv/b/n --> OT1/phv/b/n on input line 37.
LaTeX Font Info:    Overwriting math alphabet `\mathsf' in version `bold'
(Font)                  OT1/phv/m/n --> OT1/phv/b/n on input line 37.
LaTeX Font Info:    Overwriting math alphabet `\mathit' in version `bold'
(Font)                  OT1/phv/m/it --> OT1/phv/b/it on input line 37.
LaTeX Font Info:    Overwriting math alphabet `\mathtt' in version `bold'
(Font)                  OT1/cmtt/m/n --> OT1/cmtt/b/n on input line 37.
\symboldpureletters=\mathgroup12

(C:\Users\ybuzo\AppData\Local\Programs\MiKTeX\tex/latex/translator\translator-b
asic-dictionary-English.dict
Dictionary: translator-basic-dictionary, Language: English 
)
(C:\Users\ybuzo\AppData\Local\Programs\MiKTeX\tex/latex/translator\translator-b
ibliography-dictionary-English.dict
Dictionary: translator-bibliography-dictionary, Language: English 
)
(C:\Users\ybuzo\AppData\Local\Programs\MiKTeX\tex/latex/translator\translator-e
nvironment-dictionary-English.dict
Dictionary: translator-environment-dictionary, Language: English 
)
(C:\Users\ybuzo\AppData\Local\Programs\MiKTeX\tex/latex/translator\translator-m
onths-dictionary-English.dict
Dictionary: translator-months-dictionary, Language: English 
)
(C:\Users\ybuzo\AppData\Local\Programs\MiKTeX\tex/latex/translator\translator-n
umbers-dictionary-English.dict
Dictionary: translator-numbers-dictionary, Language: English 
)
(C:\Users\ybuzo\AppData\Local\Programs\MiKTeX\tex/latex/translator\translator-t
heorem-dictionary-English.dict
Dictionary: translator-theorem-dictionary, Language: English 
)
LaTeX Font Info:    Font shape `OT1/phv/m/it' in size <10.95> not available
(Font)              Font shape `OT1/phv/m/sl' tried instead on input line 37.
LaTeX Font Info:    Font shape `OT1/phv/m/sl' will be
(Font)              scaled to size 10.40245pt on input line 37.
LaTeX Font Info:    Font shape `OT1/phv/m/it' in size <8> not available
(Font)              Font shape `OT1/phv/m/sl' tried instead on input line 37.
LaTeX Font Info:    Font shape `OT1/phv/m/sl' will be
(Font)              scaled to size 7.59998pt on input line 37.
LaTeX Font Info:    Font shape `OT1/phv/m/it' in size <6> not available
(Font)              Font shape `OT1/phv/m/sl' tried instead on input line 37.
LaTeX Font Info:    Font shape `OT1/phv/m/sl' will be
(Font)              scaled to size 5.69998pt on input line 37.
LaTeX Font Info:    Font shape `OT1/phv/bx/it' in size <10.95> not available
(Font)              Font shape `OT1/phv/b/it' tried instead on input line 37.
LaTeX Font Info:    Font shape `OT1/phv/b/it' in size <10.95> not available
(Font)              Font shape `OT1/phv/b/sl' tried instead on input line 37.
LaTeX Font Info:    Font shape `OT1/phv/b/sl' will be
(Font)              scaled to size 10.40245pt on input line 37.
LaTeX Font Info:    Font shape `OT1/phv/bx/it' in size <8> not available
(Font)              Font shape `OT1/phv/b/it' tried instead on input line 37.
LaTeX Font Info:    Font shape `OT1/phv/b/it' in size <8> not available
(Font)              Font shape `OT1/phv/b/sl' tried instead on input line 37.
LaTeX Font Info:    Font shape `OT1/phv/b/sl' will be
(Font)              scaled to size 7.59998pt on input line 37.
LaTeX Font Info:    Font shape `OT1/phv/bx/it' in size <6> not available
(Font)              Font shape `OT1/phv/b/it' tried instead on input line 37.
LaTeX Font Info:    Font shape `OT1/phv/b/it' in size <6> not available
(Font)              Font shape `OT1/phv/b/sl' tried instead on input line 37.
LaTeX Font Info:    Font shape `OT1/phv/b/sl' will be
(Font)              scaled to size 5.69998pt on input line 37.
Package xypdf Info: Line width: 0.43799pt on input line 37.
Package caption Info: Begin \AtBeginDocument code.
Package caption Info: wrapfig package is loaded.
Package caption Info: End \AtBeginDocument code.
 (main.nav)
LaTeX Font Info:    Font shape `OT1/phv/m/n' will be
(Font)              scaled to size 13.67995pt on input line 42.


pdfTeX warning: miktex-pdftex.exe (file ./banners/uclbannerdarkpurple.pdf): PDF
 inclusion: found PDF version <1.6>, but at most version <1.5> allowed
<banners/uclbannerdarkpurple.pdf, id=31, 364.19562pt x 29.02182pt>
File: banners/uclbannerdarkpurple.pdf Graphic file (type pdf)
<use banners/uclbannerdarkpurple.pdf>
Package pdftex.def Info: banners/uclbannerdarkpurple.pdf  used on input line 42
.
(pdftex.def)             Requested size: 364.19536pt x 29.02217pt.
LaTeX Font Info:    Font shape `OT1/phv/m/n' will be
(Font)              scaled to size 3.79999pt on input line 42.
[1

{C:/Users/ybuzo/AppData/Local/MiKTeX/fonts/map/pdftex/pdftex.map}{C:/Users/ybuz
o/AppData/Local/Programs/MiKTeX/fonts/enc/dvips/base/8r.enc} <./banners/uclbann
erdarkpurple.pdf>]
File: banners/uclbannerdarkpurple.pdf Graphic file (type pdf)
<use banners/uclbannerdarkpurple.pdf>
Package pdftex.def Info: banners/uclbannerdarkpurple.pdf  used on input line 53
.
(pdftex.def)             Requested size: 364.19536pt x 29.02217pt.
 [2

]
\myBox1=\box130
\myScoreStart1=\dimen392
\myCenter1=\dimen393
\myScoreEnd1=\dimen394
LaTeX Font Info:    Font shape `OT1/phv/m/it' in size <5> not available
(Font)              Font shape `OT1/phv/m/sl' tried instead on input line 150.
LaTeX Font Info:    Font shape `OT1/phv/m/sl' will be
(Font)              scaled to size 4.74998pt on input line 150.
LaTeX Font Info:    Font shape `OT1/phv/m/n' will be
(Font)              scaled to size 4.74998pt on input line 150.
LaTeX Font Info:    Font shape `OT1/phv/bx/it' in size <5> not available
(Font)              Font shape `OT1/phv/b/it' tried instead on input line 150.
LaTeX Font Info:    Font shape `OT1/phv/b/it' in size <5> not available
(Font)              Font shape `OT1/phv/b/sl' tried instead on input line 150.
LaTeX Font Info:    Font shape `OT1/phv/b/sl' will be
(Font)              scaled to size 4.74998pt on input line 150.
\myBox2=\box131
\myScoreStart2=\dimen395
\myCenter2=\dimen396
\myScoreEnd2=\dimen397
\myBox3=\box132
\myScoreStart3=\dimen398
\myCenter3=\dimen399
\myScoreEnd3=\dimen400

Overfull \hbox (1.31912pt too wide) in paragraph at lines 150--150
 [] 
 []


Overfull \vbox (3.08426pt too high) detected at line 150
 []

File: banners/uclbannerdarkpurple.pdf Graphic file (type pdf)
<use banners/uclbannerdarkpurple.pdf>
Package pdftex.def Info: banners/uclbannerdarkpurple.pdf  used on input line 15
0.
(pdftex.def)             Requested size: 364.19536pt x 29.02217pt.
[3

]
\myBox4=\box133
\myScoreStart4=\dimen401
\myCenter4=\dimen402
\myScoreEnd4=\dimen403
File: banners/uclbannerdarkpurple.pdf Graphic file (type pdf)
<use banners/uclbannerdarkpurple.pdf>
Package pdftex.def Info: banners/uclbannerdarkpurple.pdf  used on input line 18
7.
(pdftex.def)             Requested size: 364.19536pt x 29.02217pt.
 [4

]
File: banners/uclbannerdarkpurple.pdf Graphic file (type pdf)
<use banners/uclbannerdarkpurple.pdf>
Package pdftex.def Info: banners/uclbannerdarkpurple.pdf  used on input line 20
9.
(pdftex.def)             Requested size: 364.19536pt x 29.02217pt.
 [5

]
File: banners/uclbannerdarkpurple.pdf Graphic file (type pdf)
<use banners/uclbannerdarkpurple.pdf>
Package pdftex.def Info: banners/uclbannerdarkpurple.pdf  used on input line 20
9.
(pdftex.def)             Requested size: 364.19536pt x 29.02217pt.
 [6

]
LaTeX Font Info:    Font shape `OT1/phv/m/n' will be
(Font)              scaled to size 11.39996pt on input line 245.
File: banners/uclbannerdarkpurple.pdf Graphic file (type pdf)
<use banners/uclbannerdarkpurple.pdf>
Package pdftex.def Info: banners/uclbannerdarkpurple.pdf  used on input line 24
5.
(pdftex.def)             Requested size: 364.19536pt x 29.02217pt.
 [7

]
File: banners/uclbannerdarkpurple.pdf Graphic file (type pdf)
<use banners/uclbannerdarkpurple.pdf>
Package pdftex.def Info: banners/uclbannerdarkpurple.pdf  used on input line 25
8.
(pdftex.def)             Requested size: 364.19536pt x 29.02217pt.
 [8

]
Overfull \hbox (131.61037pt too wide) detected at line 301
[]
 []


Overfull \vbox (10.85167pt too high) detected at line 301
 []

File: banners/uclbannerdarkpurple.pdf Graphic file (type pdf)
<use banners/uclbannerdarkpurple.pdf>
Package pdftex.def Info: banners/uclbannerdarkpurple.pdf  used on input line 30
1.
(pdftex.def)             Requested size: 364.19536pt x 29.02217pt.
[9

]
LaTeX Font Info:    Font shape `OT1/phv/m/it' in size <14.4> not available
(Font)              Font shape `OT1/phv/m/sl' tried instead on input line 310.
LaTeX Font Info:    Font shape `OT1/phv/m/sl' will be
(Font)              scaled to size 13.67995pt on input line 310.
LaTeX Font Info:    Font shape `OT1/phv/m/it' in size <10> not available
(Font)              Font shape `OT1/phv/m/sl' tried instead on input line 310.
LaTeX Font Info:    Font shape `OT1/phv/m/sl' will be
(Font)              scaled to size 9.49997pt on input line 310.
LaTeX Font Info:    Font shape `OT1/phv/m/it' in size <7> not available
(Font)              Font shape `OT1/phv/m/sl' tried instead on input line 310.
LaTeX Font Info:    Font shape `OT1/phv/m/sl' will be
(Font)              scaled to size 6.64998pt on input line 310.
LaTeX Font Info:    Font shape `OT1/phv/m/n' will be
(Font)              scaled to size 9.49997pt on input line 310.
LaTeX Font Info:    Font shape `OT1/phv/m/n' will be
(Font)              scaled to size 6.64998pt on input line 310.
LaTeX Font Info:    Font shape `OT1/phv/bx/it' in size <14.4> not available
(Font)              Font shape `OT1/phv/b/it' tried instead on input line 310.
LaTeX Font Info:    Font shape `OT1/phv/b/it' in size <14.4> not available
(Font)              Font shape `OT1/phv/b/sl' tried instead on input line 310.
LaTeX Font Info:    Font shape `OT1/phv/b/sl' will be
(Font)              scaled to size 13.67995pt on input line 310.
LaTeX Font Info:    Font shape `OT1/phv/bx/it' in size <10> not available
(Font)              Font shape `OT1/phv/b/it' tried instead on input line 310.
LaTeX Font Info:    Font shape `OT1/phv/b/it' in size <10> not available
(Font)              Font shape `OT1/phv/b/sl' tried instead on input line 310.
LaTeX Font Info:    Font shape `OT1/phv/b/sl' will be
(Font)              scaled to size 9.49997pt on input line 310.
LaTeX Font Info:    Font shape `OT1/phv/bx/it' in size <7> not available
(Font)              Font shape `OT1/phv/b/it' tried instead on input line 310.
LaTeX Font Info:    Font shape `OT1/phv/b/it' in size <7> not available
(Font)              Font shape `OT1/phv/b/sl' tried instead on input line 310.
LaTeX Font Info:    Font shape `OT1/phv/b/sl' will be
(Font)              scaled to size 6.64998pt on input line 310.
File: banners/uclbannerdarkpurple.pdf Graphic file (type pdf)
<use banners/uclbannerdarkpurple.pdf>
Package pdftex.def Info: banners/uclbannerdarkpurple.pdf  used on input line 31
0.
(pdftex.def)             Requested size: 364.19536pt x 29.02217pt.
 [10

]
File: banners/uclbannerdarkpurple.pdf Graphic file (type pdf)
<use banners/uclbannerdarkpurple.pdf>
Package pdftex.def Info: banners/uclbannerdarkpurple.pdf  used on input line 31
9.
(pdftex.def)             Requested size: 364.19536pt x 29.02217pt.
 [11

]
File: banners/uclbannerdarkpurple.pdf Graphic file (type pdf)
<use banners/uclbannerdarkpurple.pdf>
Package pdftex.def Info: banners/uclbannerdarkpurple.pdf  used on input line 32
9.
(pdftex.def)             Requested size: 364.19536pt x 29.02217pt.
 [12

]
LaTeX Font Info:    Font shape `OT1/phv/b/n' will be
(Font)              scaled to size 10.40245pt on input line 336.
File: banners/uclbannerdarkpurple.pdf Graphic file (type pdf)
<use banners/uclbannerdarkpurple.pdf>
Package pdftex.def Info: banners/uclbannerdarkpurple.pdf  used on input line 33
6.
(pdftex.def)             Requested size: 364.19536pt x 29.02217pt.
 [13

]
File: banners/uclbannerdarkpurple.pdf Graphic file (type pdf)
<use banners/uclbannerdarkpurple.pdf>
Package pdftex.def Info: banners/uclbannerdarkpurple.pdf  used on input line 34
8.
(pdftex.def)             Requested size: 364.19536pt x 29.02217pt.
 [14

]
File: banners/uclbannerdarkpurple.pdf Graphic file (type pdf)
<use banners/uclbannerdarkpurple.pdf>
Package pdftex.def Info: banners/uclbannerdarkpurple.pdf  used on input line 35
9.
(pdftex.def)             Requested size: 364.19536pt x 29.02217pt.
 [15

]
File: banners/uclbannerdarkpurple.pdf Graphic file (type pdf)
<use banners/uclbannerdarkpurple.pdf>
Package pdftex.def Info: banners/uclbannerdarkpurple.pdf  used on input line 36
8.
(pdftex.def)             Requested size: 364.19536pt x 29.02217pt.
 [16

]
File: banners/uclbannerdarkpurple.pdf Graphic file (type pdf)
<use banners/uclbannerdarkpurple.pdf>
Package pdftex.def Info: banners/uclbannerdarkpurple.pdf  used on input line 39
1.
(pdftex.def)             Requested size: 364.19536pt x 29.02217pt.
 [17

]
File: banners/uclbannerdarkpurple.pdf Graphic file (type pdf)
<use banners/uclbannerdarkpurple.pdf>
Package pdftex.def Info: banners/uclbannerdarkpurple.pdf  used on input line 39
1.
(pdftex.def)             Requested size: 364.19536pt x 29.02217pt.
 [18

]
File: banners/uclbannerdarkpurple.pdf Graphic file (type pdf)
<use banners/uclbannerdarkpurple.pdf>
Package pdftex.def Info: banners/uclbannerdarkpurple.pdf  used on input line 39
1.
(pdftex.def)             Requested size: 364.19536pt x 29.02217pt.
 [19

]
File: banners/uclbannerdarkpurple.pdf Graphic file (type pdf)
<use banners/uclbannerdarkpurple.pdf>
Package pdftex.def Info: banners/uclbannerdarkpurple.pdf  used on input line 39
1.
(pdftex.def)             Requested size: 364.19536pt x 29.02217pt.
 [20

]
File: banners/uclbannerdarkpurple.pdf Graphic file (type pdf)
<use banners/uclbannerdarkpurple.pdf>
Package pdftex.def Info: banners/uclbannerdarkpurple.pdf  used on input line 39
1.
(pdftex.def)             Requested size: 364.19536pt x 29.02217pt.
 [21

]
File: banners/uclbannerdarkpurple.pdf Graphic file (type pdf)
<use banners/uclbannerdarkpurple.pdf>
Package pdftex.def Info: banners/uclbannerdarkpurple.pdf  used on input line 39
8.
(pdftex.def)             Requested size: 364.19536pt x 29.02217pt.
 [22

]
File: banners/uclbannerdarkpurple.pdf Graphic file (type pdf)
<use banners/uclbannerdarkpurple.pdf>
Package pdftex.def Info: banners/uclbannerdarkpurple.pdf  used on input line 41
2.
(pdftex.def)             Requested size: 364.19536pt x 29.02217pt.
 [23

]
File: banners/uclbannerdarkpurple.pdf Graphic file (type pdf)
<use banners/uclbannerdarkpurple.pdf>
Package pdftex.def Info: banners/uclbannerdarkpurple.pdf  used on input line 42
5.
(pdftex.def)             Requested size: 364.19536pt x 29.02217pt.

[24

]
File: banners/uclbannerdarkpurple.pdf Graphic file (type pdf)
<use banners/uclbannerdarkpurple.pdf>
Package pdftex.def Info: banners/uclbannerdarkpurple.pdf  used on input line 42
5.
(pdftex.def)             Requested size: 364.19536pt x 29.02217pt.
 [25

]
File: banners/uclbannerdarkpurple.pdf Graphic file (type pdf)
<use banners/uclbannerdarkpurple.pdf>
Package pdftex.def Info: banners/uclbannerdarkpurple.pdf  used on input line 42
5.
(pdftex.def)             Requested size: 364.19536pt x 29.02217pt.
 [26

]
File: banners/uclbannerdarkpurple.pdf Graphic file (type pdf)
<use banners/uclbannerdarkpurple.pdf>
Package pdftex.def Info: banners/uclbannerdarkpurple.pdf  used on input line 42
5.
(pdftex.def)             Requested size: 364.19536pt x 29.02217pt.
 [27

]
File: banners/uclbannerdarkpurple.pdf Graphic file (type pdf)
<use banners/uclbannerdarkpurple.pdf>
Package pdftex.def Info: banners/uclbannerdarkpurple.pdf  used on input line 45
1.
(pdftex.def)             Requested size: 364.19536pt x 29.02217pt.
 [28

]
File: banners/uclbannerdarkpurple.pdf Graphic file (type pdf)
<use banners/uclbannerdarkpurple.pdf>
Package pdftex.def Info: banners/uclbannerdarkpurple.pdf  used on input line 45
1.
(pdftex.def)             Requested size: 364.19536pt x 29.02217pt.
 [29

]
File: banners/uclbannerdarkpurple.pdf Graphic file (type pdf)
<use banners/uclbannerdarkpurple.pdf>
Package pdftex.def Info: banners/uclbannerdarkpurple.pdf  used on input line 46
4.
(pdftex.def)             Requested size: 364.19536pt x 29.02217pt.
 [30

]
File: banners/uclbannerdarkpurple.pdf Graphic file (type pdf)
<use banners/uclbannerdarkpurple.pdf>
Package pdftex.def Info: banners/uclbannerdarkpurple.pdf  used on input line 47
7.
(pdftex.def)             Requested size: 364.19536pt x 29.02217pt.
 [31

]
File: banners/uclbannerdarkpurple.pdf Graphic file (type pdf)
<use banners/uclbannerdarkpurple.pdf>
Package pdftex.def Info: banners/uclbannerdarkpurple.pdf  used on input line 48
6.
(pdftex.def)             Requested size: 364.19536pt x 29.02217pt.
 [32

]
File: banners/uclbannerdarkpurple.pdf Graphic file (type pdf)
<use banners/uclbannerdarkpurple.pdf>
Package pdftex.def Info: banners/uclbannerdarkpurple.pdf  used on input line 49
7.
(pdftex.def)             Requested size: 364.19536pt x 29.02217pt.
 [33

]
File: banners/uclbannerdarkpurple.pdf Graphic file (type pdf)
<use banners/uclbannerdarkpurple.pdf>
Package pdftex.def Info: banners/uclbannerdarkpurple.pdf  used on input line 50
3.
(pdftex.def)             Requested size: 364.19536pt x 29.02217pt.
 [34

]
\tf@nav=\write8
\openout8 = `main.nav'.

\tf@toc=\write9
\openout9 = `main.toc'.

\tf@snm=\write10
\openout10 = `main.snm'.

 (main.aux)
 ***********
LaTeX2e <2023-11-01> patch level 1
L3 programming layer <2024-01-22>
 ***********


LaTeX Font Warning: Some font shapes were not available, defaults substituted.

Package rerunfilecheck Info: File `main.out' has not changed.
(rerunfilecheck)             Checksum: 2B63C78A363EEF6E9934D0AA4251B769;918.
 ) 
Here is how much of TeX's memory you used:
 36251 strings out of 474542
 737894 string characters out of 5744447
 1952978 words of memory out of 5000000
 57586 multiletter control sequences out of 15000+600000
 607801 words of font info for 167 fonts, out of 8000000 for 9000
 1141 hyphenation exceptions out of 8191
 128i,15n,123p,3233b,708s stack positions out of 10000i,1000n,20000p,200000b,200000s
<C:/Users/ybuzo/AppData/Local/Programs/MiKTeX/fonts/type1/public/amsfonts/cm/
cmmi7.pfb><C:/Users/ybuzo/AppData/Local/Programs/MiKTeX/fonts/type1/public/amsf
onts/cm/cmr10.pfb><C:/Users/ybuzo/AppData/Local/Programs/MiKTeX/fonts/type1/pub
lic/amsfonts/cm/cmr6.pfb><C:/Users/ybuzo/AppData/Local/Programs/MiKTeX/fonts/ty
pe1/public/amsfonts/cm/cmr8.pfb><C:/Users/ybuzo/AppData/Local/Programs/MiKTeX/f
onts/type1/public/amsfonts/cm/cmss10.pfb><C:/Users/ybuzo/AppData/Local/Programs
/MiKTeX/fonts/type1/public/amsfonts/cm/cmss12.pfb><C:/Users/ybuzo/AppData/Local
/Programs/MiKTeX/fonts/type1/public/amsfonts/cm/cmss8.pfb><C:/Users/ybuzo/AppDa
ta/Local/Programs/MiKTeX/fonts/type1/public/amsfonts/cm/cmsy10.pfb><C:/Users/yb
uzo/AppData/Local/Programs/MiKTeX/fonts/type1/public/amsfonts/cm/cmsy7.pfb><C:/
Users/ybuzo/AppData/Local/Programs/MiKTeX/fonts/type1/public/amsfonts/euler/euf
m10.pfb><C:/Users/ybuzo/AppData/Local/Programs/MiKTeX/fonts/type1/public/amsfon
ts/euler/eufm7.pfb><C:/Users/ybuzo/AppData/Local/Programs/MiKTeX/fonts/type1/pu
blic/amsfonts/euler/eurm10.pfb><C:/Users/ybuzo/AppData/Local/Programs/MiKTeX/fo
nts/type1/public/amsfonts/euler/eurm7.pfb><C:/Users/ybuzo/AppData/Local/Program
s/MiKTeX/fonts/type1/public/amsfonts/euler/eusm10.pfb><C:/Users/ybuzo/AppData/L
ocal/Programs/MiKTeX/fonts/type1/public/amsfonts/symbols/msam10.pfb><C:/Users/y
buzo/AppData/Local/Programs/MiKTeX/fonts/type1/public/amsfonts/symbols/msbm10.p
fb><C:/Users/ybuzo/AppData/Local/Programs/MiKTeX/fonts/type1/public/amsfonts/sy
mbols/msbm7.pfb><C:/Users/ybuzo/AppData/Local/Programs/MiKTeX/fonts/type1/publi
c/rsfs/rsfs10.pfb><C:/Users/ybuzo/AppData/Local/Programs/MiKTeX/fonts/type1/pub
lic/rsfs/rsfs5.pfb><C:/Users/ybuzo/AppData/Local/Programs/MiKTeX/fonts/type1/ur
w/helvetic/uhvb8a.pfb><C:/Users/ybuzo/AppData/Local/Programs/MiKTeX/fonts/type1
/urw/helvetic/uhvr8a.pfb><C:/Users/ybuzo/AppData/Local/Programs/MiKTeX/fonts/ty
pe1/urw/helvetic/uhvro8a.pfb>
Output written on main.pdf (34 pages, 237884 bytes).
PDF statistics:
 401 PDF objects out of 1000 (max. 8388607)
 73 named destinations out of 1000 (max. 500000)
 85 words of extra memory for PDF output out of 10000 (max. 10000000)

